# Logfile created on 2017-05-31 10:10:50 +0300 by logger.rb/56504
D, [2017-05-31T10:14:42.538792 #2680] DEBUG -- : 
D, [2017-05-31T10:14:42.538792 #2680] DEBUG -- : 
I, [2017-05-31T10:14:42.539792 #2680]  INFO -- : Started GET "/leads?only_actual=true&sort=status_id&direction=desc&sort2=status_date&dir2=desc&search=&year=0&_=1496214604300" for ::1 at 2017-05-31 10:14:42 +0300
D, [2017-05-31T10:14:43.094163 #2680] DEBUG -- :   [1m[36mActiveRecord::SchemaMigration Load (1.0ms)[0m  [1mSELECT "schema_migrations".* FROM "schema_migrations"[0m
I, [2017-05-31T10:14:43.247266 #2680]  INFO -- : Processing by LeadsController#index as JS
I, [2017-05-31T10:14:43.247266 #2680]  INFO -- :   Parameters: {"only_actual"=>"true", "sort"=>"status_id", "direction"=>"desc", "sort2"=>"status_date", "dir2"=>"desc", "search"=>"", "year"=>"0", "_"=>"1496214604300"}
D, [2017-05-31T10:14:43.298647 #2680] DEBUG -- :   [1m[35mUser Load (2.0ms)[0m  SELECT  "users".* FROM "users" WHERE "users"."id" = $1 LIMIT 1  [["id", 1]]
D, [2017-05-31T10:14:43.333669 #2680] DEBUG -- :   [1m[36mLead Load (4.0ms)[0m  [1mSELECT  leads.*, date_trunc('year', start_date) AS year FROM "leads" WHERE (not start_date is null)  ORDER BY start_date LIMIT 1[0m
D, [2017-05-31T10:14:43.342676 #2680] DEBUG -- :   [1m[35mLead Load (1.0ms)[0m  SELECT  leads.*, date_trunc('year', start_date) AS year FROM "leads" WHERE (not start_date is null)  ORDER BY start_date DESC LIMIT 1
D, [2017-05-31T10:14:43.350681 #2680] DEBUG -- :   [1m[36m (2.0ms)[0m  [1mSELECT "statuses"."id" FROM "statuses" WHERE "statuses"."actual" = 't'[0m
D, [2017-05-31T10:14:43.652882 #2680] DEBUG -- :   [1m[35mLead Load (3.0ms)[0m  SELECT leads.*, date_trunc('month', start_date) AS month FROM "leads" WHERE (LOWER(info) like LOWER('%%') or LOWER(phone) like LOWER('%%') or LOWER(fio) like LOWER('%%')) AND "leads"."status_id" IN (1, 3, 4, 7, 12, 15)  ORDER BY status_id desc, status_date desc, leads.created_at desc
D, [2017-05-31T10:14:43.677899 #2680] DEBUG -- :   [1m[36mUser Load (0.0ms)[0m  [1mSELECT  "users".* FROM "users" WHERE "users"."id" = $1 LIMIT 1[0m  [["id", 5]]
D, [2017-05-31T10:14:43.677899 #2680] DEBUG -- :   [1m[35mCACHE (0.0ms)[0m  SELECT  "users".* FROM "users" WHERE "users"."id" = $1 LIMIT 1  [["id", 5]]
D, [2017-05-31T10:14:43.697913 #2680] DEBUG -- :   [1m[36mStatus Load (1.0ms)[0m  [1mSELECT  "statuses".* FROM "statuses" WHERE "statuses"."id" = $1 LIMIT 1[0m  [["id", 15]]
I, [2017-05-31T10:14:43.816992 #2680]  INFO -- :   Rendered leads/_head.html.erb (1.0ms)
D, [2017-05-31T10:14:43.817993 #2680] DEBUG -- :   [1m[35mCACHE (0.0ms)[0m  SELECT  "users".* FROM "users" WHERE "users"."id" = $1 LIMIT 1  [["id", 5]]
D, [2017-05-31T10:14:43.818995 #2680] DEBUG -- :   [1m[36mUser Load (1.0ms)[0m  [1mSELECT  "users".* FROM "users" WHERE "users"."id" = $1 LIMIT 1[0m  [["id", 10]]
D, [2017-05-31T10:14:43.819994 #2680] DEBUG -- :   [1m[35mCACHE (0.0ms)[0m  SELECT  "statuses".* FROM "statuses" WHERE "statuses"."id" = $1 LIMIT 1  [["id", 15]]
D, [2017-05-31T10:14:43.819994 #2680] DEBUG -- :   [1m[36mCACHE (0.0ms)[0m  [1mSELECT  "users".* FROM "users" WHERE "users"."id" = $1 LIMIT 1[0m  [["id", 5]]
D, [2017-05-31T10:14:43.820995 #2680] DEBUG -- :   [1m[35mCACHE (0.0ms)[0m  SELECT  "users".* FROM "users" WHERE "users"."id" = $1 LIMIT 1  [["id", 10]]
D, [2017-05-31T10:14:43.820995 #2680] DEBUG -- :   [1m[36mStatus Load (0.0ms)[0m  [1mSELECT  "statuses".* FROM "statuses" WHERE "statuses"."id" = $1 LIMIT 1[0m  [["id", 12]]
I, [2017-05-31T10:14:43.937072 #2680]  INFO -- :   Rendered leads/_head.html.erb (0.0ms)
D, [2017-05-31T10:14:43.938073 #2680] DEBUG -- :   [1m[35mCACHE (0.0ms)[0m  SELECT  "users".* FROM "users" WHERE "users"."id" = $1 LIMIT 1  [["id", 5]]
D, [2017-05-31T10:14:43.939074 #2680] DEBUG -- :   [1m[36mCACHE (0.0ms)[0m  [1mSELECT  "users".* FROM "users" WHERE "users"."id" = $1 LIMIT 1[0m  [["id", 10]]
D, [2017-05-31T10:14:43.939074 #2680] DEBUG -- :   [1m[35mCACHE (0.0ms)[0m  SELECT  "statuses".* FROM "statuses" WHERE "statuses"."id" = $1 LIMIT 1  [["id", 12]]
D, [2017-05-31T10:14:43.940075 #2680] DEBUG -- :   [1m[36mCACHE (0.0ms)[0m  [1mSELECT  "users".* FROM "users" WHERE "users"."id" = $1 LIMIT 1[0m  [["id", 5]]
D, [2017-05-31T10:14:43.941075 #2680] DEBUG -- :   [1m[35mCACHE (0.0ms)[0m  SELECT  "users".* FROM "users" WHERE "users"."id" = $1 LIMIT 1  [["id", 10]]
D, [2017-05-31T10:14:43.941075 #2680] DEBUG -- :   [1m[36mCACHE (0.0ms)[0m  [1mSELECT  "statuses".* FROM "statuses" WHERE "statuses"."id" = $1 LIMIT 1[0m  [["id", 12]]
D, [2017-05-31T10:14:43.942076 #2680] DEBUG -- :   [1m[35mUser Load (0.0ms)[0m  SELECT  "users".* FROM "users" WHERE "users"."id" = $1 LIMIT 1  [["id", 14]]
D, [2017-05-31T10:14:43.943076 #2680] DEBUG -- :   [1m[36mCACHE (0.0ms)[0m  [1mSELECT  "users".* FROM "users" WHERE "users"."id" = $1 LIMIT 1[0m  [["id", 10]]
D, [2017-05-31T10:14:43.943076 #2680] DEBUG -- :   [1m[35mCACHE (0.0ms)[0m  SELECT  "statuses".* FROM "statuses" WHERE "statuses"."id" = $1 LIMIT 1  [["id", 12]]
D, [2017-05-31T10:14:43.944077 #2680] DEBUG -- :   [1m[36mUser Load (0.0ms)[0m  [1mSELECT  "users".* FROM "users" WHERE "users"."id" = $1 LIMIT 1[0m  [["id", 12]]
D, [2017-05-31T10:14:43.945079 #2680] DEBUG -- :   [1m[35mCACHE (0.0ms)[0m  SELECT  "users".* FROM "users" WHERE "users"."id" = $1 LIMIT 1  [["id", 10]]
D, [2017-05-31T10:14:43.945079 #2680] DEBUG -- :   [1m[36mCACHE (0.0ms)[0m  [1mSELECT  "statuses".* FROM "statuses" WHERE "statuses"."id" = $1 LIMIT 1[0m  [["id", 12]]
D, [2017-05-31T10:14:43.946079 #2680] DEBUG -- :   [1m[35mUser Load (0.0ms)[0m  SELECT  "users".* FROM "users" WHERE "users"."id" = $1 LIMIT 1  [["id", 11]]
D, [2017-05-31T10:14:43.947079 #2680] DEBUG -- :   [1m[36mCACHE (0.0ms)[0m  [1mSELECT  "users".* FROM "users" WHERE "users"."id" = $1 LIMIT 1[0m  [["id", 10]]
D, [2017-05-31T10:14:43.947079 #2680] DEBUG -- :   [1m[35mCACHE (0.0ms)[0m  SELECT  "statuses".* FROM "statuses" WHERE "statuses"."id" = $1 LIMIT 1  [["id", 12]]
D, [2017-05-31T10:14:43.948080 #2680] DEBUG -- :   [1m[36mCACHE (0.0ms)[0m  [1mSELECT  "users".* FROM "users" WHERE "users"."id" = $1 LIMIT 1[0m  [["id", 12]]
D, [2017-05-31T10:14:43.948080 #2680] DEBUG -- :   [1m[35mCACHE (0.0ms)[0m  SELECT  "users".* FROM "users" WHERE "users"."id" = $1 LIMIT 1  [["id", 10]]
D, [2017-05-31T10:14:43.948080 #2680] DEBUG -- :   [1m[36mCACHE (0.0ms)[0m  [1mSELECT  "statuses".* FROM "statuses" WHERE "statuses"."id" = $1 LIMIT 1[0m  [["id", 12]]
D, [2017-05-31T10:14:43.949081 #2680] DEBUG -- :   [1m[35mCACHE (0.0ms)[0m  SELECT  "users".* FROM "users" WHERE "users"."id" = $1 LIMIT 1  [["id", 5]]
D, [2017-05-31T10:14:43.949081 #2680] DEBUG -- :   [1m[36mCACHE (0.0ms)[0m  [1mSELECT  "users".* FROM "users" WHERE "users"."id" = $1 LIMIT 1[0m  [["id", 10]]
D, [2017-05-31T10:14:43.950081 #2680] DEBUG -- :   [1m[35mCACHE (0.0ms)[0m  SELECT  "statuses".* FROM "statuses" WHERE "statuses"."id" = $1 LIMIT 1  [["id", 12]]
D, [2017-05-31T10:14:43.950081 #2680] DEBUG -- :   [1m[36mCACHE (0.0ms)[0m  [1mSELECT  "users".* FROM "users" WHERE "users"."id" = $1 LIMIT 1[0m  [["id", 5]]
D, [2017-05-31T10:14:43.951082 #2680] DEBUG -- :   [1m[35mCACHE (0.0ms)[0m  SELECT  "users".* FROM "users" WHERE "users"."id" = $1 LIMIT 1  [["id", 10]]
D, [2017-05-31T10:14:43.951082 #2680] DEBUG -- :   [1m[36mCACHE (0.0ms)[0m  [1mSELECT  "statuses".* FROM "statuses" WHERE "statuses"."id" = $1 LIMIT 1[0m  [["id", 12]]
D, [2017-05-31T10:14:43.952083 #2680] DEBUG -- :   [1m[35mCACHE (0.0ms)[0m  SELECT  "users".* FROM "users" WHERE "users"."id" = $1 LIMIT 1  [["id", 5]]
D, [2017-05-31T10:14:43.952083 #2680] DEBUG -- :   [1m[36mCACHE (0.0ms)[0m  [1mSELECT  "users".* FROM "users" WHERE "users"."id" = $1 LIMIT 1[0m  [["id", 10]]
D, [2017-05-31T10:14:43.952083 #2680] DEBUG -- :   [1m[35mCACHE (0.0ms)[0m  SELECT  "statuses".* FROM "statuses" WHERE "statuses"."id" = $1 LIMIT 1  [["id", 12]]
D, [2017-05-31T10:14:43.953083 #2680] DEBUG -- :   [1m[36mCACHE (0.0ms)[0m  [1mSELECT  "users".* FROM "users" WHERE "users"."id" = $1 LIMIT 1[0m  [["id", 10]]
D, [2017-05-31T10:14:43.954084 #2680] DEBUG -- :   [1m[35mCACHE (0.0ms)[0m  SELECT  "users".* FROM "users" WHERE "users"."id" = $1 LIMIT 1  [["id", 10]]
D, [2017-05-31T10:14:43.954084 #2680] DEBUG -- :   [1m[36mCACHE (0.0ms)[0m  [1mSELECT  "statuses".* FROM "statuses" WHERE "statuses"."id" = $1 LIMIT 1[0m  [["id", 12]]
D, [2017-05-31T10:14:43.955085 #2680] DEBUG -- :   [1m[35mCACHE (0.0ms)[0m  SELECT  "users".* FROM "users" WHERE "users"."id" = $1 LIMIT 1  [["id", 12]]
D, [2017-05-31T10:14:43.955085 #2680] DEBUG -- :   [1m[36mCACHE (0.0ms)[0m  [1mSELECT  "users".* FROM "users" WHERE "users"."id" = $1 LIMIT 1[0m  [["id", 5]]
D, [2017-05-31T10:14:43.955085 #2680] DEBUG -- :   [1m[35mCACHE (0.0ms)[0m  SELECT  "statuses".* FROM "statuses" WHERE "statuses"."id" = $1 LIMIT 1  [["id", 12]]
D, [2017-05-31T10:14:43.956085 #2680] DEBUG -- :   [1m[36mCACHE (0.0ms)[0m  [1mSELECT  "users".* FROM "users" WHERE "users"."id" = $1 LIMIT 1[0m  [["id", 12]]
D, [2017-05-31T10:14:43.956085 #2680] DEBUG -- :   [1m[35mCACHE (0.0ms)[0m  SELECT  "users".* FROM "users" WHERE "users"."id" = $1 LIMIT 1  [["id", 10]]
D, [2017-05-31T10:14:43.957086 #2680] DEBUG -- :   [1m[36mCACHE (0.0ms)[0m  [1mSELECT  "statuses".* FROM "statuses" WHERE "statuses"."id" = $1 LIMIT 1[0m  [["id", 12]]
D, [2017-05-31T10:14:43.957086 #2680] DEBUG -- :   [1m[35mCACHE (0.0ms)[0m  SELECT  "users".* FROM "users" WHERE "users"."id" = $1 LIMIT 1  [["id", 5]]
D, [2017-05-31T10:14:43.958087 #2680] DEBUG -- :   [1m[36mCACHE (0.0ms)[0m  [1mSELECT  "users".* FROM "users" WHERE "users"."id" = $1 LIMIT 1[0m  [["id", 10]]
D, [2017-05-31T10:14:43.958087 #2680] DEBUG -- :   [1m[35mCACHE (0.0ms)[0m  SELECT  "statuses".* FROM "statuses" WHERE "statuses"."id" = $1 LIMIT 1  [["id", 12]]
D, [2017-05-31T10:14:43.959087 #2680] DEBUG -- :   [1m[36mCACHE (0.0ms)[0m  [1mSELECT  "users".* FROM "users" WHERE "users"."id" = $1 LIMIT 1[0m  [["id", 5]]
D, [2017-05-31T10:14:43.959087 #2680] DEBUG -- :   [1m[35mCACHE (0.0ms)[0m  SELECT  "users".* FROM "users" WHERE "users"."id" = $1 LIMIT 1  [["id", 10]]
D, [2017-05-31T10:14:43.959087 #2680] DEBUG -- :   [1m[36mCACHE (0.0ms)[0m  [1mSELECT  "statuses".* FROM "statuses" WHERE "statuses"."id" = $1 LIMIT 1[0m  [["id", 12]]
D, [2017-05-31T10:14:43.960088 #2680] DEBUG -- :   [1m[35mCACHE (0.0ms)[0m  SELECT  "users".* FROM "users" WHERE "users"."id" = $1 LIMIT 1  [["id", 11]]
D, [2017-05-31T10:14:43.960088 #2680] DEBUG -- :   [1m[36mCACHE (0.0ms)[0m  [1mSELECT  "users".* FROM "users" WHERE "users"."id" = $1 LIMIT 1[0m  [["id", 10]]
D, [2017-05-31T10:14:43.961089 #2680] DEBUG -- :   [1m[35mCACHE (0.0ms)[0m  SELECT  "statuses".* FROM "statuses" WHERE "statuses"."id" = $1 LIMIT 1  [["id", 12]]
D, [2017-05-31T10:14:43.961089 #2680] DEBUG -- :   [1m[36mCACHE (0.0ms)[0m  [1mSELECT  "users".* FROM "users" WHERE "users"."id" = $1 LIMIT 1[0m  [["id", 5]]
D, [2017-05-31T10:14:43.962089 #2680] DEBUG -- :   [1m[35mCACHE (0.0ms)[0m  SELECT  "users".* FROM "users" WHERE "users"."id" = $1 LIMIT 1  [["id", 10]]
D, [2017-05-31T10:14:43.962089 #2680] DEBUG -- :   [1m[36mCACHE (0.0ms)[0m  [1mSELECT  "statuses".* FROM "statuses" WHERE "statuses"."id" = $1 LIMIT 1[0m  [["id", 12]]
D, [2017-05-31T10:14:43.963090 #2680] DEBUG -- :   [1m[35mCACHE (0.0ms)[0m  SELECT  "users".* FROM "users" WHERE "users"."id" = $1 LIMIT 1  [["id", 12]]
D, [2017-05-31T10:14:43.963090 #2680] DEBUG -- :   [1m[36mCACHE (0.0ms)[0m  [1mSELECT  "users".* FROM "users" WHERE "users"."id" = $1 LIMIT 1[0m  [["id", 10]]
D, [2017-05-31T10:14:43.963090 #2680] DEBUG -- :   [1m[35mCACHE (0.0ms)[0m  SELECT  "statuses".* FROM "statuses" WHERE "statuses"."id" = $1 LIMIT 1  [["id", 12]]
D, [2017-05-31T10:14:43.964091 #2680] DEBUG -- :   [1m[36mCACHE (0.0ms)[0m  [1mSELECT  "users".* FROM "users" WHERE "users"."id" = $1 LIMIT 1[0m  [["id", 5]]
D, [2017-05-31T10:14:43.964091 #2680] DEBUG -- :   [1m[35mCACHE (0.0ms)[0m  SELECT  "users".* FROM "users" WHERE "users"."id" = $1 LIMIT 1  [["id", 10]]
D, [2017-05-31T10:14:43.965091 #2680] DEBUG -- :   [1m[36mCACHE (0.0ms)[0m  [1mSELECT  "statuses".* FROM "statuses" WHERE "statuses"."id" = $1 LIMIT 1[0m  [["id", 12]]
D, [2017-05-31T10:14:43.965091 #2680] DEBUG -- :   [1m[35mCACHE (0.0ms)[0m  SELECT  "users".* FROM "users" WHERE "users"."id" = $1 LIMIT 1  [["id", 5]]
D, [2017-05-31T10:14:43.965091 #2680] DEBUG -- :   [1m[36mCACHE (0.0ms)[0m  [1mSELECT  "users".* FROM "users" WHERE "users"."id" = $1 LIMIT 1[0m  [["id", 10]]
D, [2017-05-31T10:14:43.966092 #2680] DEBUG -- :   [1m[35mCACHE (0.0ms)[0m  SELECT  "statuses".* FROM "statuses" WHERE "statuses"."id" = $1 LIMIT 1  [["id", 12]]
D, [2017-05-31T10:14:43.966092 #2680] DEBUG -- :   [1m[36mCACHE (0.0ms)[0m  [1mSELECT  "users".* FROM "users" WHERE "users"."id" = $1 LIMIT 1[0m  [["id", 12]]
D, [2017-05-31T10:14:43.967092 #2680] DEBUG -- :   [1m[35mCACHE (0.0ms)[0m  SELECT  "users".* FROM "users" WHERE "users"."id" = $1 LIMIT 1  [["id", 10]]
D, [2017-05-31T10:14:43.967092 #2680] DEBUG -- :   [1m[36mCACHE (0.0ms)[0m  [1mSELECT  "statuses".* FROM "statuses" WHERE "statuses"."id" = $1 LIMIT 1[0m  [["id", 12]]
D, [2017-05-31T10:14:43.968093 #2680] DEBUG -- :   [1m[35mCACHE (0.0ms)[0m  SELECT  "users".* FROM "users" WHERE "users"."id" = $1 LIMIT 1  [["id", 5]]
D, [2017-05-31T10:14:43.968093 #2680] DEBUG -- :   [1m[36mCACHE (0.0ms)[0m  [1mSELECT  "users".* FROM "users" WHERE "users"."id" = $1 LIMIT 1[0m  [["id", 10]]
D, [2017-05-31T10:14:43.968093 #2680] DEBUG -- :   [1m[35mCACHE (0.0ms)[0m  SELECT  "statuses".* FROM "statuses" WHERE "statuses"."id" = $1 LIMIT 1  [["id", 12]]
D, [2017-05-31T10:14:43.969094 #2680] DEBUG -- :   [1m[36mCACHE (0.0ms)[0m  [1mSELECT  "users".* FROM "users" WHERE "users"."id" = $1 LIMIT 1[0m  [["id", 12]]
D, [2017-05-31T10:14:43.969094 #2680] DEBUG -- :   [1m[35mCACHE (0.0ms)[0m  SELECT  "users".* FROM "users" WHERE "users"."id" = $1 LIMIT 1  [["id", 10]]
D, [2017-05-31T10:14:43.970094 #2680] DEBUG -- :   [1m[36mCACHE (0.0ms)[0m  [1mSELECT  "statuses".* FROM "statuses" WHERE "statuses"."id" = $1 LIMIT 1[0m  [["id", 12]]
D, [2017-05-31T10:14:43.970094 #2680] DEBUG -- :   [1m[35mCACHE (0.0ms)[0m  SELECT  "users".* FROM "users" WHERE "users"."id" = $1 LIMIT 1  [["id", 10]]
D, [2017-05-31T10:14:43.971095 #2680] DEBUG -- :   [1m[36mCACHE (0.0ms)[0m  [1mSELECT  "users".* FROM "users" WHERE "users"."id" = $1 LIMIT 1[0m  [["id", 10]]
D, [2017-05-31T10:14:43.971095 #2680] DEBUG -- :   [1m[35mCACHE (0.0ms)[0m  SELECT  "statuses".* FROM "statuses" WHERE "statuses"."id" = $1 LIMIT 1  [["id", 12]]
D, [2017-05-31T10:14:43.972096 #2680] DEBUG -- :   [1m[36mCACHE (0.0ms)[0m  [1mSELECT  "users".* FROM "users" WHERE "users"."id" = $1 LIMIT 1[0m  [["id", 10]]
D, [2017-05-31T10:14:43.972096 #2680] DEBUG -- :   [1m[35mCACHE (0.0ms)[0m  SELECT  "users".* FROM "users" WHERE "users"."id" = $1 LIMIT 1  [["id", 10]]
D, [2017-05-31T10:14:43.972096 #2680] DEBUG -- :   [1m[36mCACHE (0.0ms)[0m  [1mSELECT  "statuses".* FROM "statuses" WHERE "statuses"."id" = $1 LIMIT 1[0m  [["id", 12]]
D, [2017-05-31T10:14:43.973097 #2680] DEBUG -- :   [1m[35mCACHE (0.0ms)[0m  SELECT  "users".* FROM "users" WHERE "users"."id" = $1 LIMIT 1  [["id", 12]]
D, [2017-05-31T10:14:43.973097 #2680] DEBUG -- :   [1m[36mCACHE (0.0ms)[0m  [1mSELECT  "users".* FROM "users" WHERE "users"."id" = $1 LIMIT 1[0m  [["id", 10]]
D, [2017-05-31T10:14:43.974097 #2680] DEBUG -- :   [1m[35mCACHE (0.0ms)[0m  SELECT  "statuses".* FROM "statuses" WHERE "statuses"."id" = $1 LIMIT 1  [["id", 12]]
D, [2017-05-31T10:14:43.975098 #2680] DEBUG -- :   [1m[36mUser Load (0.0ms)[0m  [1mSELECT  "users".* FROM "users" WHERE "users"."id" = $1 LIMIT 1[0m  [["id", 8]]
D, [2017-05-31T10:14:43.976099 #2680] DEBUG -- :   [1m[35mCACHE (0.0ms)[0m  SELECT  "users".* FROM "users" WHERE "users"."id" = $1 LIMIT 1  [["id", 10]]
D, [2017-05-31T10:14:43.976099 #2680] DEBUG -- :   [1m[36mCACHE (0.0ms)[0m  [1mSELECT  "statuses".* FROM "statuses" WHERE "statuses"."id" = $1 LIMIT 1[0m  [["id", 12]]
D, [2017-05-31T10:14:43.977099 #2680] DEBUG -- :   [1m[35mUser Load (0.0ms)[0m  SELECT  "users".* FROM "users" WHERE "users"."id" = $1 LIMIT 1  [["id", 9]]
D, [2017-05-31T10:14:43.977099 #2680] DEBUG -- :   [1m[36mCACHE (0.0ms)[0m  [1mSELECT  "users".* FROM "users" WHERE "users"."id" = $1 LIMIT 1[0m  [["id", 10]]
D, [2017-05-31T10:14:43.978100 #2680] DEBUG -- :   [1m[35mCACHE (0.0ms)[0m  SELECT  "statuses".* FROM "statuses" WHERE "statuses"."id" = $1 LIMIT 1  [["id", 12]]
D, [2017-05-31T10:14:43.979101 #2680] DEBUG -- :   [1m[36mCACHE (0.0ms)[0m  [1mSELECT  "users".* FROM "users" WHERE "users"."id" = $1 LIMIT 1[0m  [["id", 9]]
D, [2017-05-31T10:14:43.979101 #2680] DEBUG -- :   [1m[35mCACHE (0.0ms)[0m  SELECT  "users".* FROM "users" WHERE "users"."id" = $1 LIMIT 1  [["id", 10]]
D, [2017-05-31T10:14:43.979101 #2680] DEBUG -- :   [1m[36mCACHE (0.0ms)[0m  [1mSELECT  "statuses".* FROM "statuses" WHERE "statuses"."id" = $1 LIMIT 1[0m  [["id", 12]]
D, [2017-05-31T10:14:43.980101 #2680] DEBUG -- :   [1m[35mCACHE (0.0ms)[0m  SELECT  "users".* FROM "users" WHERE "users"."id" = $1 LIMIT 1  [["id", 12]]
D, [2017-05-31T10:14:43.981102 #2680] DEBUG -- :   [1m[36mCACHE (0.0ms)[0m  [1mSELECT  "users".* FROM "users" WHERE "users"."id" = $1 LIMIT 1[0m  [["id", 10]]
D, [2017-05-31T10:14:43.981102 #2680] DEBUG -- :   [1m[35mCACHE (0.0ms)[0m  SELECT  "statuses".* FROM "statuses" WHERE "statuses"."id" = $1 LIMIT 1  [["id", 12]]
D, [2017-05-31T10:14:43.982103 #2680] DEBUG -- :   [1m[36mCACHE (0.0ms)[0m  [1mSELECT  "users".* FROM "users" WHERE "users"."id" = $1 LIMIT 1[0m  [["id", 12]]
D, [2017-05-31T10:14:43.982103 #2680] DEBUG -- :   [1m[35mCACHE (0.0ms)[0m  SELECT  "users".* FROM "users" WHERE "users"."id" = $1 LIMIT 1  [["id", 12]]
D, [2017-05-31T10:14:43.982103 #2680] DEBUG -- :   [1m[36mCACHE (0.0ms)[0m  [1mSELECT  "statuses".* FROM "statuses" WHERE "statuses"."id" = $1 LIMIT 1[0m  [["id", 12]]
D, [2017-05-31T10:14:43.983103 #2680] DEBUG -- :   [1m[35mCACHE (0.0ms)[0m  SELECT  "users".* FROM "users" WHERE "users"."id" = $1 LIMIT 1  [["id", 14]]
D, [2017-05-31T10:14:43.983103 #2680] DEBUG -- :   [1m[36mCACHE (0.0ms)[0m  [1mSELECT  "users".* FROM "users" WHERE "users"."id" = $1 LIMIT 1[0m  [["id", 10]]
D, [2017-05-31T10:14:43.984104 #2680] DEBUG -- :   [1m[35mCACHE (0.0ms)[0m  SELECT  "statuses".* FROM "statuses" WHERE "statuses"."id" = $1 LIMIT 1  [["id", 12]]
D, [2017-05-31T10:14:43.984104 #2680] DEBUG -- :   [1m[36mCACHE (0.0ms)[0m  [1mSELECT  "users".* FROM "users" WHERE "users"."id" = $1 LIMIT 1[0m  [["id", 12]]
D, [2017-05-31T10:14:43.985104 #2680] DEBUG -- :   [1m[35mCACHE (0.0ms)[0m  SELECT  "users".* FROM "users" WHERE "users"."id" = $1 LIMIT 1  [["id", 10]]
D, [2017-05-31T10:14:43.985104 #2680] DEBUG -- :   [1m[36mCACHE (0.0ms)[0m  [1mSELECT  "statuses".* FROM "statuses" WHERE "statuses"."id" = $1 LIMIT 1[0m  [["id", 12]]
D, [2017-05-31T10:14:43.986105 #2680] DEBUG -- :   [1m[35mUser Load (0.0ms)[0m  SELECT  "users".* FROM "users" WHERE "users"."id" = $1 LIMIT 1  [["id", 4]]
D, [2017-05-31T10:14:43.986105 #2680] DEBUG -- :   [1m[36mCACHE (0.0ms)[0m  [1mSELECT  "users".* FROM "users" WHERE "users"."id" = $1 LIMIT 1[0m  [["id", 10]]
D, [2017-05-31T10:14:43.987106 #2680] DEBUG -- :   [1m[35mCACHE (0.0ms)[0m  SELECT  "statuses".* FROM "statuses" WHERE "statuses"."id" = $1 LIMIT 1  [["id", 12]]
D, [2017-05-31T10:14:43.988106 #2680] DEBUG -- :   [1m[36mCACHE (0.0ms)[0m  [1mSELECT  "users".* FROM "users" WHERE "users"."id" = $1 LIMIT 1[0m  [["id", 11]]
D, [2017-05-31T10:14:43.988106 #2680] DEBUG -- :   [1m[35mCACHE (0.0ms)[0m  SELECT  "users".* FROM "users" WHERE "users"."id" = $1 LIMIT 1  [["id", 10]]
D, [2017-05-31T10:14:43.988106 #2680] DEBUG -- :   [1m[36mCACHE (0.0ms)[0m  [1mSELECT  "statuses".* FROM "statuses" WHERE "statuses"."id" = $1 LIMIT 1[0m  [["id", 12]]
D, [2017-05-31T10:14:43.989107 #2680] DEBUG -- :   [1m[35mCACHE (0.0ms)[0m  SELECT  "users".* FROM "users" WHERE "users"."id" = $1 LIMIT 1  [["id", 11]]
D, [2017-05-31T10:14:43.989107 #2680] DEBUG -- :   [1m[36mCACHE (0.0ms)[0m  [1mSELECT  "users".* FROM "users" WHERE "users"."id" = $1 LIMIT 1[0m  [["id", 10]]
D, [2017-05-31T10:14:43.989107 #2680] DEBUG -- :   [1m[35mCACHE (0.0ms)[0m  SELECT  "statuses".* FROM "statuses" WHERE "statuses"."id" = $1 LIMIT 1  [["id", 12]]
D, [2017-05-31T10:14:43.990108 #2680] DEBUG -- :   [1m[36mCACHE (0.0ms)[0m  [1mSELECT  "users".* FROM "users" WHERE "users"."id" = $1 LIMIT 1[0m  [["id", 9]]
D, [2017-05-31T10:14:43.990108 #2680] DEBUG -- :   [1m[35mCACHE (0.0ms)[0m  SELECT  "users".* FROM "users" WHERE "users"."id" = $1 LIMIT 1  [["id", 10]]
D, [2017-05-31T10:14:43.991108 #2680] DEBUG -- :   [1m[36mCACHE (0.0ms)[0m  [1mSELECT  "statuses".* FROM "statuses" WHERE "statuses"."id" = $1 LIMIT 1[0m  [["id", 12]]
D, [2017-05-31T10:14:43.992109 #2680] DEBUG -- :   [1m[35mCACHE (0.0ms)[0m  SELECT  "users".* FROM "users" WHERE "users"."id" = $1 LIMIT 1  [["id", 4]]
D, [2017-05-31T10:14:43.992109 #2680] DEBUG -- :   [1m[36mCACHE (0.0ms)[0m  [1mSELECT  "users".* FROM "users" WHERE "users"."id" = $1 LIMIT 1[0m  [["id", 10]]
D, [2017-05-31T10:14:43.992109 #2680] DEBUG -- :   [1m[35mCACHE (0.0ms)[0m  SELECT  "statuses".* FROM "statuses" WHERE "statuses"."id" = $1 LIMIT 1  [["id", 12]]
D, [2017-05-31T10:14:43.993110 #2680] DEBUG -- :   [1m[36mCACHE (0.0ms)[0m  [1mSELECT  "users".* FROM "users" WHERE "users"."id" = $1 LIMIT 1[0m  [["id", 10]]
D, [2017-05-31T10:14:43.993110 #2680] DEBUG -- :   [1m[35mCACHE (0.0ms)[0m  SELECT  "users".* FROM "users" WHERE "users"."id" = $1 LIMIT 1  [["id", 10]]
D, [2017-05-31T10:14:43.993110 #2680] DEBUG -- :   [1m[36mCACHE (0.0ms)[0m  [1mSELECT  "statuses".* FROM "statuses" WHERE "statuses"."id" = $1 LIMIT 1[0m  [["id", 12]]
D, [2017-05-31T10:14:43.994110 #2680] DEBUG -- :   [1m[35mCACHE (0.0ms)[0m  SELECT  "users".* FROM "users" WHERE "users"."id" = $1 LIMIT 1  [["id", 9]]
D, [2017-05-31T10:14:43.994110 #2680] DEBUG -- :   [1m[36mCACHE (0.0ms)[0m  [1mSELECT  "users".* FROM "users" WHERE "users"."id" = $1 LIMIT 1[0m  [["id", 10]]
D, [2017-05-31T10:14:43.995111 #2680] DEBUG -- :   [1m[35mCACHE (0.0ms)[0m  SELECT  "statuses".* FROM "statuses" WHERE "statuses"."id" = $1 LIMIT 1  [["id", 12]]
D, [2017-05-31T10:14:43.995111 #2680] DEBUG -- :   [1m[36mCACHE (0.0ms)[0m  [1mSELECT  "users".* FROM "users" WHERE "users"."id" = $1 LIMIT 1[0m  [["id", 12]]
D, [2017-05-31T10:14:43.996112 #2680] DEBUG -- :   [1m[35mCACHE (0.0ms)[0m  SELECT  "users".* FROM "users" WHERE "users"."id" = $1 LIMIT 1  [["id", 10]]
D, [2017-05-31T10:14:43.997113 #2680] DEBUG -- :   [1m[36mStatus Load (0.0ms)[0m  [1mSELECT  "statuses".* FROM "statuses" WHERE "statuses"."id" = $1 LIMIT 1[0m  [["id", 7]]
I, [2017-05-31T10:14:44.112190 #2680]  INFO -- :   Rendered leads/_head.html.erb (1.0ms)
D, [2017-05-31T10:14:44.113694 #2680] DEBUG -- :   [1m[35mCACHE (0.0ms)[0m  SELECT  "users".* FROM "users" WHERE "users"."id" = $1 LIMIT 1  [["id", 10]]
D, [2017-05-31T10:14:44.113694 #2680] DEBUG -- :   [1m[36mCACHE (0.0ms)[0m  [1mSELECT  "users".* FROM "users" WHERE "users"."id" = $1 LIMIT 1[0m  [["id", 10]]
D, [2017-05-31T10:14:44.114705 #2680] DEBUG -- :   [1m[35mCACHE (0.0ms)[0m  SELECT  "statuses".* FROM "statuses" WHERE "statuses"."id" = $1 LIMIT 1  [["id", 7]]
D, [2017-05-31T10:14:44.115697 #2680] DEBUG -- :   [1m[36mUser Load (1.0ms)[0m  [1mSELECT  "users".* FROM "users" WHERE "users"."id" = $1 LIMIT 1[0m  [["id", 13]]
D, [2017-05-31T10:14:44.115697 #2680] DEBUG -- :   [1m[35mCACHE (0.0ms)[0m  SELECT  "users".* FROM "users" WHERE "users"."id" = $1 LIMIT 1  [["id", 13]]
D, [2017-05-31T10:14:44.115697 #2680] DEBUG -- :   [1m[36mCACHE (0.0ms)[0m  [1mSELECT  "statuses".* FROM "statuses" WHERE "statuses"."id" = $1 LIMIT 1[0m  [["id", 7]]
D, [2017-05-31T10:14:44.116698 #2680] DEBUG -- :   [1m[35mCACHE (0.0ms)[0m  SELECT  "users".* FROM "users" WHERE "users"."id" = $1 LIMIT 1  [["id", 13]]
D, [2017-05-31T10:14:44.117698 #2680] DEBUG -- :   [1m[36mCACHE (0.0ms)[0m  [1mSELECT  "users".* FROM "users" WHERE "users"."id" = $1 LIMIT 1[0m  [["id", 13]]
D, [2017-05-31T10:14:44.117698 #2680] DEBUG -- :   [1m[35mCACHE (0.0ms)[0m  SELECT  "statuses".* FROM "statuses" WHERE "statuses"."id" = $1 LIMIT 1  [["id", 7]]
D, [2017-05-31T10:14:44.118699 #2680] DEBUG -- :   [1m[36mCACHE (0.0ms)[0m  [1mSELECT  "users".* FROM "users" WHERE "users"."id" = $1 LIMIT 1[0m  [["id", 12]]
D, [2017-05-31T10:14:44.118699 #2680] DEBUG -- :   [1m[35mCACHE (0.0ms)[0m  SELECT  "users".* FROM "users" WHERE "users"."id" = $1 LIMIT 1  [["id", 10]]
D, [2017-05-31T10:14:44.119700 #2680] DEBUG -- :   [1m[36mStatus Load (1.0ms)[0m  [1mSELECT  "statuses".* FROM "statuses" WHERE "statuses"."id" = $1 LIMIT 1[0m  [["id", 4]]
I, [2017-05-31T10:14:44.239782 #2680]  INFO -- :   Rendered leads/_head.html.erb (0.0ms)
D, [2017-05-31T10:14:44.241660 #2680] DEBUG -- :   [1m[35mCACHE (0.0ms)[0m  SELECT  "users".* FROM "users" WHERE "users"."id" = $1 LIMIT 1  [["id", 8]]
D, [2017-05-31T10:14:44.241660 #2680] DEBUG -- :   [1m[36mCACHE (0.0ms)[0m  [1mSELECT  "users".* FROM "users" WHERE "users"."id" = $1 LIMIT 1[0m  [["id", 13]]
D, [2017-05-31T10:14:44.241660 #2680] DEBUG -- :   [1m[35mCACHE (0.0ms)[0m  SELECT  "statuses".* FROM "statuses" WHERE "statuses"."id" = $1 LIMIT 1  [["id", 4]]
D, [2017-05-31T10:14:44.242663 #2680] DEBUG -- :   [1m[36mCACHE (0.0ms)[0m  [1mSELECT  "users".* FROM "users" WHERE "users"."id" = $1 LIMIT 1[0m  [["id", 8]]
D, [2017-05-31T10:14:44.243663 #2680] DEBUG -- :   [1m[35mCACHE (1.0ms)[0m  SELECT  "users".* FROM "users" WHERE "users"."id" = $1 LIMIT 1  [["id", 10]]
D, [2017-05-31T10:14:44.243663 #2680] DEBUG -- :   [1m[36mStatus Load (0.0ms)[0m  [1mSELECT  "statuses".* FROM "statuses" WHERE "statuses"."id" = $1 LIMIT 1[0m  [["id", 3]]
I, [2017-05-31T10:14:44.363743 #2680]  INFO -- :   Rendered leads/_head.html.erb (0.0ms)
D, [2017-05-31T10:14:44.364744 #2680] DEBUG -- :   [1m[35mCACHE (0.0ms)[0m  SELECT  "users".* FROM "users" WHERE "users"."id" = $1 LIMIT 1  [["id", 11]]
D, [2017-05-31T10:14:44.365744 #2680] DEBUG -- :   [1m[36mCACHE (0.0ms)[0m  [1mSELECT  "users".* FROM "users" WHERE "users"."id" = $1 LIMIT 1[0m  [["id", 10]]
D, [2017-05-31T10:14:44.365744 #2680] DEBUG -- :   [1m[35mCACHE (0.0ms)[0m  SELECT  "statuses".* FROM "statuses" WHERE "statuses"."id" = $1 LIMIT 1  [["id", 3]]
D, [2017-05-31T10:14:44.366745 #2680] DEBUG -- :   [1m[36mCACHE (0.0ms)[0m  [1mSELECT  "users".* FROM "users" WHERE "users"."id" = $1 LIMIT 1[0m  [["id", 8]]
D, [2017-05-31T10:14:44.366745 #2680] DEBUG -- :   [1m[35mCACHE (0.0ms)[0m  SELECT  "users".* FROM "users" WHERE "users"."id" = $1 LIMIT 1  [["id", 10]]
D, [2017-05-31T10:14:44.367746 #2680] DEBUG -- :   [1m[36mCACHE (0.0ms)[0m  [1mSELECT  "statuses".* FROM "statuses" WHERE "statuses"."id" = $1 LIMIT 1[0m  [["id", 3]]
D, [2017-05-31T10:14:44.368746 #2680] DEBUG -- :   [1m[35mCACHE (0.0ms)[0m  SELECT  "users".* FROM "users" WHERE "users"."id" = $1 LIMIT 1  [["id", 13]]
D, [2017-05-31T10:14:44.368746 #2680] DEBUG -- :   [1m[36mCACHE (0.0ms)[0m  [1mSELECT  "users".* FROM "users" WHERE "users"."id" = $1 LIMIT 1[0m  [["id", 10]]
D, [2017-05-31T10:14:44.368746 #2680] DEBUG -- :   [1m[35mCACHE (0.0ms)[0m  SELECT  "statuses".* FROM "statuses" WHERE "statuses"."id" = $1 LIMIT 1  [["id", 3]]
D, [2017-05-31T10:14:44.369747 #2680] DEBUG -- :   [1m[36mCACHE (0.0ms)[0m  [1mSELECT  "users".* FROM "users" WHERE "users"."id" = $1 LIMIT 1[0m  [["id", 13]]
D, [2017-05-31T10:14:44.369747 #2680] DEBUG -- :   [1m[35mCACHE (0.0ms)[0m  SELECT  "users".* FROM "users" WHERE "users"."id" = $1 LIMIT 1  [["id", 10]]
D, [2017-05-31T10:14:44.370748 #2680] DEBUG -- :   [1m[36mCACHE (0.0ms)[0m  [1mSELECT  "statuses".* FROM "statuses" WHERE "statuses"."id" = $1 LIMIT 1[0m  [["id", 3]]
D, [2017-05-31T10:14:44.370748 #2680] DEBUG -- :   [1m[35mCACHE (0.0ms)[0m  SELECT  "users".* FROM "users" WHERE "users"."id" = $1 LIMIT 1  [["id", 12]]
D, [2017-05-31T10:14:44.371748 #2680] DEBUG -- :   [1m[36mCACHE (0.0ms)[0m  [1mSELECT  "users".* FROM "users" WHERE "users"."id" = $1 LIMIT 1[0m  [["id", 10]]
D, [2017-05-31T10:14:44.371748 #2680] DEBUG -- :   [1m[35mCACHE (0.0ms)[0m  SELECT  "statuses".* FROM "statuses" WHERE "statuses"."id" = $1 LIMIT 1  [["id", 3]]
D, [2017-05-31T10:14:44.372749 #2680] DEBUG -- :   [1m[36mCACHE (0.0ms)[0m  [1mSELECT  "users".* FROM "users" WHERE "users"."id" = $1 LIMIT 1[0m  [["id", 4]]
D, [2017-05-31T10:14:44.372749 #2680] DEBUG -- :   [1m[35mCACHE (0.0ms)[0m  SELECT  "users".* FROM "users" WHERE "users"."id" = $1 LIMIT 1  [["id", 10]]
D, [2017-05-31T10:14:44.373750 #2680] DEBUG -- :   [1m[36mStatus Load (1.0ms)[0m  [1mSELECT  "statuses".* FROM "statuses" WHERE "statuses"."id" = $1 LIMIT 1[0m  [["id", 1]]
I, [2017-05-31T10:14:44.490828 #2680]  INFO -- :   Rendered leads/_head.html.erb (1.0ms)
D, [2017-05-31T10:14:44.491828 #2680] DEBUG -- :   [1m[35mCACHE (0.0ms)[0m  SELECT  "users".* FROM "users" WHERE "users"."id" = $1 LIMIT 1  [["id", 10]]
D, [2017-05-31T10:14:44.491828 #2680] DEBUG -- :   [1m[36mCACHE (0.0ms)[0m  [1mSELECT  "users".* FROM "users" WHERE "users"."id" = $1 LIMIT 1[0m  [["id", 10]]
D, [2017-05-31T10:14:44.492829 #2680] DEBUG -- :   [1m[35mCACHE (0.0ms)[0m  SELECT  "statuses".* FROM "statuses" WHERE "statuses"."id" = $1 LIMIT 1  [["id", 1]]
D, [2017-05-31T10:14:44.493703 #2680] DEBUG -- :   [1m[36mCACHE (0.0ms)[0m  [1mSELECT  "users".* FROM "users" WHERE "users"."id" = $1 LIMIT 1[0m  [["id", 10]]
D, [2017-05-31T10:14:44.493703 #2680] DEBUG -- :   [1m[35mCACHE (0.0ms)[0m  SELECT  "users".* FROM "users" WHERE "users"."id" = $1 LIMIT 1  [["id", 10]]
D, [2017-05-31T10:14:44.493703 #2680] DEBUG -- :   [1m[36mCACHE (0.0ms)[0m  [1mSELECT  "statuses".* FROM "statuses" WHERE "statuses"."id" = $1 LIMIT 1[0m  [["id", 1]]
D, [2017-05-31T10:14:44.494705 #2680] DEBUG -- :   [1m[35mCACHE (0.0ms)[0m  SELECT  "users".* FROM "users" WHERE "users"."id" = $1 LIMIT 1  [["id", 10]]
D, [2017-05-31T10:14:44.495707 #2680] DEBUG -- :   [1m[36mCACHE (0.0ms)[0m  [1mSELECT  "users".* FROM "users" WHERE "users"."id" = $1 LIMIT 1[0m  [["id", 10]]
D, [2017-05-31T10:14:44.495707 #2680] DEBUG -- :   [1m[35mCACHE (0.0ms)[0m  SELECT  "statuses".* FROM "statuses" WHERE "statuses"."id" = $1 LIMIT 1  [["id", 1]]
D, [2017-05-31T10:14:44.496707 #2680] DEBUG -- :   [1m[36mCACHE (0.0ms)[0m  [1mSELECT  "users".* FROM "users" WHERE "users"."id" = $1 LIMIT 1[0m  [["id", 12]]
D, [2017-05-31T10:14:44.496707 #2680] DEBUG -- :   [1m[35mCACHE (0.0ms)[0m  SELECT  "users".* FROM "users" WHERE "users"."id" = $1 LIMIT 1  [["id", 10]]
D, [2017-05-31T10:14:44.497708 #2680] DEBUG -- :   [1m[36mCACHE (0.0ms)[0m  [1mSELECT  "statuses".* FROM "statuses" WHERE "statuses"."id" = $1 LIMIT 1[0m  [["id", 1]]
D, [2017-05-31T10:14:44.497708 #2680] DEBUG -- :   [1m[35mCACHE (0.0ms)[0m  SELECT  "users".* FROM "users" WHERE "users"."id" = $1 LIMIT 1  [["id", 5]]
D, [2017-05-31T10:14:44.498708 #2680] DEBUG -- :   [1m[36mCACHE (0.0ms)[0m  [1mSELECT  "users".* FROM "users" WHERE "users"."id" = $1 LIMIT 1[0m  [["id", 10]]
D, [2017-05-31T10:14:44.498708 #2680] DEBUG -- :   [1m[35mCACHE (0.0ms)[0m  SELECT  "statuses".* FROM "statuses" WHERE "statuses"."id" = $1 LIMIT 1  [["id", 1]]
D, [2017-05-31T10:14:44.499709 #2680] DEBUG -- :   [1m[36mCACHE (0.0ms)[0m  [1mSELECT  "users".* FROM "users" WHERE "users"."id" = $1 LIMIT 1[0m  [["id", 10]]
D, [2017-05-31T10:14:44.499709 #2680] DEBUG -- :   [1m[35mCACHE (0.0ms)[0m  SELECT  "users".* FROM "users" WHERE "users"."id" = $1 LIMIT 1  [["id", 10]]
D, [2017-05-31T10:14:44.499709 #2680] DEBUG -- :   [1m[36mCACHE (0.0ms)[0m  [1mSELECT  "statuses".* FROM "statuses" WHERE "statuses"."id" = $1 LIMIT 1[0m  [["id", 1]]
D, [2017-05-31T10:14:44.500709 #2680] DEBUG -- :   [1m[35mCACHE (0.0ms)[0m  SELECT  "users".* FROM "users" WHERE "users"."id" = $1 LIMIT 1  [["id", 5]]
D, [2017-05-31T10:14:44.500709 #2680] DEBUG -- :   [1m[36mCACHE (0.0ms)[0m  [1mSELECT  "users".* FROM "users" WHERE "users"."id" = $1 LIMIT 1[0m  [["id", 10]]
D, [2017-05-31T10:14:44.501710 #2680] DEBUG -- :   [1m[35mCACHE (0.0ms)[0m  SELECT  "statuses".* FROM "statuses" WHERE "statuses"."id" = $1 LIMIT 1  [["id", 1]]
D, [2017-05-31T10:14:44.502710 #2680] DEBUG -- :   [1m[36mCACHE (0.0ms)[0m  [1mSELECT  "users".* FROM "users" WHERE "users"."id" = $1 LIMIT 1[0m  [["id", 4]]
D, [2017-05-31T10:14:44.502710 #2680] DEBUG -- :   [1m[35mCACHE (0.0ms)[0m  SELECT  "users".* FROM "users" WHERE "users"."id" = $1 LIMIT 1  [["id", 10]]
D, [2017-05-31T10:14:44.502710 #2680] DEBUG -- :   [1m[36mCACHE (0.0ms)[0m  [1mSELECT  "statuses".* FROM "statuses" WHERE "statuses"."id" = $1 LIMIT 1[0m  [["id", 1]]
D, [2017-05-31T10:14:44.503711 #2680] DEBUG -- :   [1m[35mCACHE (0.0ms)[0m  SELECT  "users".* FROM "users" WHERE "users"."id" = $1 LIMIT 1  [["id", 5]]
D, [2017-05-31T10:14:44.503711 #2680] DEBUG -- :   [1m[36mCACHE (0.0ms)[0m  [1mSELECT  "users".* FROM "users" WHERE "users"."id" = $1 LIMIT 1[0m  [["id", 5]]
D, [2017-05-31T10:14:44.503711 #2680] DEBUG -- :   [1m[35mCACHE (0.0ms)[0m  SELECT  "statuses".* FROM "statuses" WHERE "statuses"."id" = $1 LIMIT 1  [["id", 1]]
D, [2017-05-31T10:14:44.504712 #2680] DEBUG -- :   [1m[36mCACHE (0.0ms)[0m  [1mSELECT  "users".* FROM "users" WHERE "users"."id" = $1 LIMIT 1[0m  [["id", 5]]
D, [2017-05-31T10:14:44.505713 #2680] DEBUG -- :   [1m[35mCACHE (0.0ms)[0m  SELECT  "users".* FROM "users" WHERE "users"."id" = $1 LIMIT 1  [["id", 10]]
D, [2017-05-31T10:14:44.505713 #2680] DEBUG -- :   [1m[36mCACHE (0.0ms)[0m  [1mSELECT  "statuses".* FROM "statuses" WHERE "statuses"."id" = $1 LIMIT 1[0m  [["id", 1]]
D, [2017-05-31T10:14:44.506716 #2680] DEBUG -- :   [1m[35mCACHE (0.0ms)[0m  SELECT  "users".* FROM "users" WHERE "users"."id" = $1 LIMIT 1  [["id", 5]]
D, [2017-05-31T10:14:44.506716 #2680] DEBUG -- :   [1m[36mCACHE (0.0ms)[0m  [1mSELECT  "users".* FROM "users" WHERE "users"."id" = $1 LIMIT 1[0m  [["id", 10]]
D, [2017-05-31T10:14:44.507714 #2680] DEBUG -- :   [1m[35mCACHE (0.0ms)[0m  SELECT  "statuses".* FROM "statuses" WHERE "statuses"."id" = $1 LIMIT 1  [["id", 1]]
D, [2017-05-31T10:14:44.508714 #2680] DEBUG -- :   [1m[36mCACHE (0.0ms)[0m  [1mSELECT  "users".* FROM "users" WHERE "users"."id" = $1 LIMIT 1[0m  [["id", 5]]
D, [2017-05-31T10:14:44.508714 #2680] DEBUG -- :   [1m[35mCACHE (0.0ms)[0m  SELECT  "users".* FROM "users" WHERE "users"."id" = $1 LIMIT 1  [["id", 10]]
D, [2017-05-31T10:14:44.508714 #2680] DEBUG -- :   [1m[36mCACHE (0.0ms)[0m  [1mSELECT  "statuses".* FROM "statuses" WHERE "statuses"."id" = $1 LIMIT 1[0m  [["id", 1]]
D, [2017-05-31T10:14:44.509715 #2680] DEBUG -- :   [1m[35mCACHE (0.0ms)[0m  SELECT  "users".* FROM "users" WHERE "users"."id" = $1 LIMIT 1  [["id", 5]]
D, [2017-05-31T10:14:44.509715 #2680] DEBUG -- :   [1m[36mCACHE (0.0ms)[0m  [1mSELECT  "users".* FROM "users" WHERE "users"."id" = $1 LIMIT 1[0m  [["id", 10]]
D, [2017-05-31T10:14:44.510716 #2680] DEBUG -- :   [1m[35mCACHE (0.0ms)[0m  SELECT  "statuses".* FROM "statuses" WHERE "statuses"."id" = $1 LIMIT 1  [["id", 1]]
D, [2017-05-31T10:14:44.510716 #2680] DEBUG -- :   [1m[36mCACHE (0.0ms)[0m  [1mSELECT  "users".* FROM "users" WHERE "users"."id" = $1 LIMIT 1[0m  [["id", 12]]
D, [2017-05-31T10:14:44.511717 #2680] DEBUG -- :   [1m[35mCACHE (0.0ms)[0m  SELECT  "users".* FROM "users" WHERE "users"."id" = $1 LIMIT 1  [["id", 10]]
D, [2017-05-31T10:14:44.511717 #2680] DEBUG -- :   [1m[36mCACHE (0.0ms)[0m  [1mSELECT  "statuses".* FROM "statuses" WHERE "statuses"."id" = $1 LIMIT 1[0m  [["id", 1]]
D, [2017-05-31T10:14:44.512717 #2680] DEBUG -- :   [1m[35mCACHE (0.0ms)[0m  SELECT  "users".* FROM "users" WHERE "users"."id" = $1 LIMIT 1  [["id", 4]]
D, [2017-05-31T10:14:44.512717 #2680] DEBUG -- :   [1m[36mCACHE (0.0ms)[0m  [1mSELECT  "users".* FROM "users" WHERE "users"."id" = $1 LIMIT 1[0m  [["id", 10]]
D, [2017-05-31T10:14:44.513718 #2680] DEBUG -- :   [1m[35mCACHE (0.0ms)[0m  SELECT  "statuses".* FROM "statuses" WHERE "statuses"."id" = $1 LIMIT 1  [["id", 1]]
D, [2017-05-31T10:14:44.513718 #2680] DEBUG -- :   [1m[36mCACHE (0.0ms)[0m  [1mSELECT  "users".* FROM "users" WHERE "users"."id" = $1 LIMIT 1[0m  [["id", 12]]
D, [2017-05-31T10:14:44.514719 #2680] DEBUG -- :   [1m[35mCACHE (0.0ms)[0m  SELECT  "users".* FROM "users" WHERE "users"."id" = $1 LIMIT 1  [["id", 10]]
D, [2017-05-31T10:14:44.514719 #2680] DEBUG -- :   [1m[36mCACHE (0.0ms)[0m  [1mSELECT  "statuses".* FROM "statuses" WHERE "statuses"."id" = $1 LIMIT 1[0m  [["id", 1]]
D, [2017-05-31T10:14:44.515719 #2680] DEBUG -- :   [1m[35mCACHE (0.0ms)[0m  SELECT  "users".* FROM "users" WHERE "users"."id" = $1 LIMIT 1  [["id", 5]]
D, [2017-05-31T10:14:44.515719 #2680] DEBUG -- :   [1m[36mCACHE (0.0ms)[0m  [1mSELECT  "users".* FROM "users" WHERE "users"."id" = $1 LIMIT 1[0m  [["id", 10]]
D, [2017-05-31T10:14:44.515719 #2680] DEBUG -- :   [1m[35mCACHE (0.0ms)[0m  SELECT  "statuses".* FROM "statuses" WHERE "statuses"."id" = $1 LIMIT 1  [["id", 1]]
D, [2017-05-31T10:14:44.516720 #2680] DEBUG -- :   [1m[36mCACHE (0.0ms)[0m  [1mSELECT  "users".* FROM "users" WHERE "users"."id" = $1 LIMIT 1[0m  [["id", 5]]
D, [2017-05-31T10:14:44.516720 #2680] DEBUG -- :   [1m[35mCACHE (0.0ms)[0m  SELECT  "users".* FROM "users" WHERE "users"."id" = $1 LIMIT 1  [["id", 10]]
D, [2017-05-31T10:14:44.517721 #2680] DEBUG -- :   [1m[36mCACHE (0.0ms)[0m  [1mSELECT  "statuses".* FROM "statuses" WHERE "statuses"."id" = $1 LIMIT 1[0m  [["id", 1]]
D, [2017-05-31T10:14:44.517721 #2680] DEBUG -- :   [1m[35mCACHE (0.0ms)[0m  SELECT  "users".* FROM "users" WHERE "users"."id" = $1 LIMIT 1  [["id", 5]]
D, [2017-05-31T10:14:44.518721 #2680] DEBUG -- :   [1m[36mCACHE (0.0ms)[0m  [1mSELECT  "users".* FROM "users" WHERE "users"."id" = $1 LIMIT 1[0m  [["id", 10]]
D, [2017-05-31T10:14:44.518721 #2680] DEBUG -- :   [1m[35mCACHE (0.0ms)[0m  SELECT  "statuses".* FROM "statuses" WHERE "statuses"."id" = $1 LIMIT 1  [["id", 1]]
D, [2017-05-31T10:14:44.519722 #2680] DEBUG -- :   [1m[36mCACHE (0.0ms)[0m  [1mSELECT  "users".* FROM "users" WHERE "users"."id" = $1 LIMIT 1[0m  [["id", 12]]
D, [2017-05-31T10:14:44.519722 #2680] DEBUG -- :   [1m[35mCACHE (0.0ms)[0m  SELECT  "users".* FROM "users" WHERE "users"."id" = $1 LIMIT 1  [["id", 10]]
D, [2017-05-31T10:14:44.520723 #2680] DEBUG -- :   [1m[36mCACHE (0.0ms)[0m  [1mSELECT  "statuses".* FROM "statuses" WHERE "statuses"."id" = $1 LIMIT 1[0m  [["id", 1]]
D, [2017-05-31T10:14:44.521723 #2680] DEBUG -- :   [1m[35mCACHE (0.0ms)[0m  SELECT  "users".* FROM "users" WHERE "users"."id" = $1 LIMIT 1  [["id", 12]]
D, [2017-05-31T10:14:44.521723 #2680] DEBUG -- :   [1m[36mCACHE (0.0ms)[0m  [1mSELECT  "users".* FROM "users" WHERE "users"."id" = $1 LIMIT 1[0m  [["id", 10]]
D, [2017-05-31T10:14:44.521723 #2680] DEBUG -- :   [1m[35mCACHE (0.0ms)[0m  SELECT  "statuses".* FROM "statuses" WHERE "statuses"."id" = $1 LIMIT 1  [["id", 1]]
D, [2017-05-31T10:14:44.522724 #2680] DEBUG -- :   [1m[36mCACHE (0.0ms)[0m  [1mSELECT  "users".* FROM "users" WHERE "users"."id" = $1 LIMIT 1[0m  [["id", 12]]
D, [2017-05-31T10:14:44.522724 #2680] DEBUG -- :   [1m[35mCACHE (0.0ms)[0m  SELECT  "users".* FROM "users" WHERE "users"."id" = $1 LIMIT 1  [["id", 10]]
D, [2017-05-31T10:14:44.523726 #2680] DEBUG -- :   [1m[36mCACHE (0.0ms)[0m  [1mSELECT  "statuses".* FROM "statuses" WHERE "statuses"."id" = $1 LIMIT 1[0m  [["id", 1]]
D, [2017-05-31T10:14:44.523726 #2680] DEBUG -- :   [1m[35mCACHE (0.0ms)[0m  SELECT  "users".* FROM "users" WHERE "users"."id" = $1 LIMIT 1  [["id", 5]]
D, [2017-05-31T10:14:44.524725 #2680] DEBUG -- :   [1m[36mCACHE (0.0ms)[0m  [1mSELECT  "users".* FROM "users" WHERE "users"."id" = $1 LIMIT 1[0m  [["id", 10]]
D, [2017-05-31T10:14:44.524725 #2680] DEBUG -- :   [1m[35mCACHE (0.0ms)[0m  SELECT  "statuses".* FROM "statuses" WHERE "statuses"."id" = $1 LIMIT 1  [["id", 1]]
D, [2017-05-31T10:14:44.525726 #2680] DEBUG -- :   [1m[36mCACHE (0.0ms)[0m  [1mSELECT  "users".* FROM "users" WHERE "users"."id" = $1 LIMIT 1[0m  [["id", 12]]
D, [2017-05-31T10:14:44.525726 #2680] DEBUG -- :   [1m[35mCACHE (0.0ms)[0m  SELECT  "users".* FROM "users" WHERE "users"."id" = $1 LIMIT 1  [["id", 5]]
D, [2017-05-31T10:14:44.525726 #2680] DEBUG -- :   [1m[36mCACHE (0.0ms)[0m  [1mSELECT  "statuses".* FROM "statuses" WHERE "statuses"."id" = $1 LIMIT 1[0m  [["id", 1]]
D, [2017-05-31T10:14:44.526727 #2680] DEBUG -- :   [1m[35mCACHE (0.0ms)[0m  SELECT  "users".* FROM "users" WHERE "users"."id" = $1 LIMIT 1  [["id", 5]]
D, [2017-05-31T10:14:44.526727 #2680] DEBUG -- :   [1m[36mCACHE (0.0ms)[0m  [1mSELECT  "users".* FROM "users" WHERE "users"."id" = $1 LIMIT 1[0m  [["id", 10]]
D, [2017-05-31T10:14:44.527727 #2680] DEBUG -- :   [1m[35mCACHE (0.0ms)[0m  SELECT  "statuses".* FROM "statuses" WHERE "statuses"."id" = $1 LIMIT 1  [["id", 1]]
D, [2017-05-31T10:14:44.527727 #2680] DEBUG -- :   [1m[36mCACHE (0.0ms)[0m  [1mSELECT  "users".* FROM "users" WHERE "users"."id" = $1 LIMIT 1[0m  [["id", 12]]
D, [2017-05-31T10:14:44.527727 #2680] DEBUG -- :   [1m[35mCACHE (0.0ms)[0m  SELECT  "users".* FROM "users" WHERE "users"."id" = $1 LIMIT 1  [["id", 10]]
D, [2017-05-31T10:14:44.528728 #2680] DEBUG -- :   [1m[36mCACHE (0.0ms)[0m  [1mSELECT  "statuses".* FROM "statuses" WHERE "statuses"."id" = $1 LIMIT 1[0m  [["id", 1]]
D, [2017-05-31T10:14:44.529728 #2680] DEBUG -- :   [1m[35mCACHE (0.0ms)[0m  SELECT  "users".* FROM "users" WHERE "users"."id" = $1 LIMIT 1  [["id", 4]]
D, [2017-05-31T10:14:44.529728 #2680] DEBUG -- :   [1m[36mCACHE (0.0ms)[0m  [1mSELECT  "users".* FROM "users" WHERE "users"."id" = $1 LIMIT 1[0m  [["id", 10]]
D, [2017-05-31T10:14:44.530730 #2680] DEBUG -- :   [1m[35mCACHE (0.0ms)[0m  SELECT  "statuses".* FROM "statuses" WHERE "statuses"."id" = $1 LIMIT 1  [["id", 1]]
D, [2017-05-31T10:14:44.530730 #2680] DEBUG -- :   [1m[36mCACHE (0.0ms)[0m  [1mSELECT  "users".* FROM "users" WHERE "users"."id" = $1 LIMIT 1[0m  [["id", 5]]
D, [2017-05-31T10:14:44.531730 #2680] DEBUG -- :   [1m[35mCACHE (0.0ms)[0m  SELECT  "users".* FROM "users" WHERE "users"."id" = $1 LIMIT 1  [["id", 10]]
D, [2017-05-31T10:14:44.531730 #2680] DEBUG -- :   [1m[36mCACHE (0.0ms)[0m  [1mSELECT  "statuses".* FROM "statuses" WHERE "statuses"."id" = $1 LIMIT 1[0m  [["id", 1]]
D, [2017-05-31T10:14:44.532731 #2680] DEBUG -- :   [1m[35mCACHE (0.0ms)[0m  SELECT  "users".* FROM "users" WHERE "users"."id" = $1 LIMIT 1  [["id", 5]]
D, [2017-05-31T10:14:44.532731 #2680] DEBUG -- :   [1m[36mCACHE (0.0ms)[0m  [1mSELECT  "users".* FROM "users" WHERE "users"."id" = $1 LIMIT 1[0m  [["id", 10]]
D, [2017-05-31T10:14:44.532731 #2680] DEBUG -- :   [1m[35mCACHE (0.0ms)[0m  SELECT  "statuses".* FROM "statuses" WHERE "statuses"."id" = $1 LIMIT 1  [["id", 1]]
D, [2017-05-31T10:14:44.533731 #2680] DEBUG -- :   [1m[36mCACHE (0.0ms)[0m  [1mSELECT  "users".* FROM "users" WHERE "users"."id" = $1 LIMIT 1[0m  [["id", 5]]
D, [2017-05-31T10:14:44.533731 #2680] DEBUG -- :   [1m[35mCACHE (0.0ms)[0m  SELECT  "users".* FROM "users" WHERE "users"."id" = $1 LIMIT 1  [["id", 10]]
D, [2017-05-31T10:14:44.534732 #2680] DEBUG -- :   [1m[36mCACHE (0.0ms)[0m  [1mSELECT  "statuses".* FROM "statuses" WHERE "statuses"."id" = $1 LIMIT 1[0m  [["id", 1]]
D, [2017-05-31T10:14:44.534732 #2680] DEBUG -- :   [1m[35mCACHE (0.0ms)[0m  SELECT  "users".* FROM "users" WHERE "users"."id" = $1 LIMIT 1  [["id", 5]]
D, [2017-05-31T10:14:44.535733 #2680] DEBUG -- :   [1m[36mCACHE (0.0ms)[0m  [1mSELECT  "users".* FROM "users" WHERE "users"."id" = $1 LIMIT 1[0m  [["id", 10]]
D, [2017-05-31T10:14:44.535733 #2680] DEBUG -- :   [1m[35mCACHE (0.0ms)[0m  SELECT  "statuses".* FROM "statuses" WHERE "statuses"."id" = $1 LIMIT 1  [["id", 1]]
D, [2017-05-31T10:14:44.536733 #2680] DEBUG -- :   [1m[36mCACHE (0.0ms)[0m  [1mSELECT  "users".* FROM "users" WHERE "users"."id" = $1 LIMIT 1[0m  [["id", 5]]
D, [2017-05-31T10:14:44.536733 #2680] DEBUG -- :   [1m[35mCACHE (0.0ms)[0m  SELECT  "users".* FROM "users" WHERE "users"."id" = $1 LIMIT 1  [["id", 10]]
D, [2017-05-31T10:14:44.536733 #2680] DEBUG -- :   [1m[36mCACHE (0.0ms)[0m  [1mSELECT  "statuses".* FROM "statuses" WHERE "statuses"."id" = $1 LIMIT 1[0m  [["id", 1]]
D, [2017-05-31T10:14:44.537734 #2680] DEBUG -- :   [1m[35mCACHE (0.0ms)[0m  SELECT  "users".* FROM "users" WHERE "users"."id" = $1 LIMIT 1  [["id", 5]]
D, [2017-05-31T10:14:44.537734 #2680] DEBUG -- :   [1m[36mCACHE (0.0ms)[0m  [1mSELECT  "users".* FROM "users" WHERE "users"."id" = $1 LIMIT 1[0m  [["id", 10]]
D, [2017-05-31T10:14:44.538735 #2680] DEBUG -- :   [1m[35mCACHE (0.0ms)[0m  SELECT  "statuses".* FROM "statuses" WHERE "statuses"."id" = $1 LIMIT 1  [["id", 1]]
D, [2017-05-31T10:14:44.538735 #2680] DEBUG -- :   [1m[36mCACHE (0.0ms)[0m  [1mSELECT  "users".* FROM "users" WHERE "users"."id" = $1 LIMIT 1[0m  [["id", 10]]
D, [2017-05-31T10:14:44.539735 #2680] DEBUG -- :   [1m[35mCACHE (0.0ms)[0m  SELECT  "users".* FROM "users" WHERE "users"."id" = $1 LIMIT 1  [["id", 10]]
D, [2017-05-31T10:14:44.539735 #2680] DEBUG -- :   [1m[36mCACHE (0.0ms)[0m  [1mSELECT  "statuses".* FROM "statuses" WHERE "statuses"."id" = $1 LIMIT 1[0m  [["id", 1]]
D, [2017-05-31T10:14:44.540736 #2680] DEBUG -- :   [1m[35mCACHE (0.0ms)[0m  SELECT  "users".* FROM "users" WHERE "users"."id" = $1 LIMIT 1  [["id", 5]]
D, [2017-05-31T10:14:44.540736 #2680] DEBUG -- :   [1m[36mCACHE (0.0ms)[0m  [1mSELECT  "users".* FROM "users" WHERE "users"."id" = $1 LIMIT 1[0m  [["id", 10]]
D, [2017-05-31T10:14:44.540736 #2680] DEBUG -- :   [1m[35mCACHE (0.0ms)[0m  SELECT  "statuses".* FROM "statuses" WHERE "statuses"."id" = $1 LIMIT 1  [["id", 1]]
D, [2017-05-31T10:14:44.541737 #2680] DEBUG -- :   [1m[36mCACHE (0.0ms)[0m  [1mSELECT  "users".* FROM "users" WHERE "users"."id" = $1 LIMIT 1[0m  [["id", 5]]
D, [2017-05-31T10:14:44.541737 #2680] DEBUG -- :   [1m[35mCACHE (0.0ms)[0m  SELECT  "users".* FROM "users" WHERE "users"."id" = $1 LIMIT 1  [["id", 10]]
D, [2017-05-31T10:14:44.542737 #2680] DEBUG -- :   [1m[36mCACHE (0.0ms)[0m  [1mSELECT  "statuses".* FROM "statuses" WHERE "statuses"."id" = $1 LIMIT 1[0m  [["id", 1]]
D, [2017-05-31T10:14:44.542737 #2680] DEBUG -- :   [1m[35mCACHE (0.0ms)[0m  SELECT  "users".* FROM "users" WHERE "users"."id" = $1 LIMIT 1  [["id", 5]]
D, [2017-05-31T10:14:44.542737 #2680] DEBUG -- :   [1m[36mCACHE (0.0ms)[0m  [1mSELECT  "users".* FROM "users" WHERE "users"."id" = $1 LIMIT 1[0m  [["id", 10]]
D, [2017-05-31T10:14:44.543738 #2680] DEBUG -- :   [1m[35mCACHE (0.0ms)[0m  SELECT  "statuses".* FROM "statuses" WHERE "statuses"."id" = $1 LIMIT 1  [["id", 1]]
D, [2017-05-31T10:14:44.544738 #2680] DEBUG -- :   [1m[36mCACHE (0.0ms)[0m  [1mSELECT  "users".* FROM "users" WHERE "users"."id" = $1 LIMIT 1[0m  [["id", 5]]
D, [2017-05-31T10:14:44.544738 #2680] DEBUG -- :   [1m[35mCACHE (0.0ms)[0m  SELECT  "users".* FROM "users" WHERE "users"."id" = $1 LIMIT 1  [["id", 10]]
D, [2017-05-31T10:14:44.544738 #2680] DEBUG -- :   [1m[36mCACHE (0.0ms)[0m  [1mSELECT  "statuses".* FROM "statuses" WHERE "statuses"."id" = $1 LIMIT 1[0m  [["id", 1]]
D, [2017-05-31T10:14:44.545739 #2680] DEBUG -- :   [1m[35mCACHE (0.0ms)[0m  SELECT  "users".* FROM "users" WHERE "users"."id" = $1 LIMIT 1  [["id", 5]]
D, [2017-05-31T10:14:44.545739 #2680] DEBUG -- :   [1m[36mCACHE (0.0ms)[0m  [1mSELECT  "users".* FROM "users" WHERE "users"."id" = $1 LIMIT 1[0m  [["id", 10]]
D, [2017-05-31T10:14:44.546740 #2680] DEBUG -- :   [1m[35mCACHE (0.0ms)[0m  SELECT  "statuses".* FROM "statuses" WHERE "statuses"."id" = $1 LIMIT 1  [["id", 1]]
D, [2017-05-31T10:14:44.546740 #2680] DEBUG -- :   [1m[36mCACHE (0.0ms)[0m  [1mSELECT  "users".* FROM "users" WHERE "users"."id" = $1 LIMIT 1[0m  [["id", 10]]
D, [2017-05-31T10:14:44.547741 #2680] DEBUG -- :   [1m[35mCACHE (0.0ms)[0m  SELECT  "users".* FROM "users" WHERE "users"."id" = $1 LIMIT 1  [["id", 10]]
D, [2017-05-31T10:14:44.547741 #2680] DEBUG -- :   [1m[36mCACHE (0.0ms)[0m  [1mSELECT  "statuses".* FROM "statuses" WHERE "statuses"."id" = $1 LIMIT 1[0m  [["id", 1]]
D, [2017-05-31T10:14:44.548741 #2680] DEBUG -- :   [1m[35mCACHE (0.0ms)[0m  SELECT  "users".* FROM "users" WHERE "users"."id" = $1 LIMIT 1  [["id", 10]]
D, [2017-05-31T10:14:44.548741 #2680] DEBUG -- :   [1m[36mCACHE (0.0ms)[0m  [1mSELECT  "users".* FROM "users" WHERE "users"."id" = $1 LIMIT 1[0m  [["id", 10]]
D, [2017-05-31T10:14:44.549742 #2680] DEBUG -- :   [1m[35mCACHE (0.0ms)[0m  SELECT  "statuses".* FROM "statuses" WHERE "statuses"."id" = $1 LIMIT 1  [["id", 1]]
D, [2017-05-31T10:14:44.549742 #2680] DEBUG -- :   [1m[36mCACHE (0.0ms)[0m  [1mSELECT  "users".* FROM "users" WHERE "users"."id" = $1 LIMIT 1[0m  [["id", 12]]
D, [2017-05-31T10:14:44.550742 #2680] DEBUG -- :   [1m[35mCACHE (0.0ms)[0m  SELECT  "users".* FROM "users" WHERE "users"."id" = $1 LIMIT 1  [["id", 10]]
D, [2017-05-31T10:14:44.550742 #2680] DEBUG -- :   [1m[36mCACHE (0.0ms)[0m  [1mSELECT  "statuses".* FROM "statuses" WHERE "statuses"."id" = $1 LIMIT 1[0m  [["id", 1]]
D, [2017-05-31T10:14:44.551743 #2680] DEBUG -- :   [1m[35mUser Load (0.0ms)[0m  SELECT  "users".* FROM "users" WHERE "users"."id" = $1 LIMIT 1  [["id", 17]]
D, [2017-05-31T10:14:44.552744 #2680] DEBUG -- :   [1m[36mCACHE (0.0ms)[0m  [1mSELECT  "users".* FROM "users" WHERE "users"."id" = $1 LIMIT 1[0m  [["id", 10]]
D, [2017-05-31T10:14:44.552744 #2680] DEBUG -- :   [1m[35mCACHE (0.0ms)[0m  SELECT  "statuses".* FROM "statuses" WHERE "statuses"."id" = $1 LIMIT 1  [["id", 1]]
D, [2017-05-31T10:14:44.553745 #2680] DEBUG -- :   [1m[36mCACHE (0.0ms)[0m  [1mSELECT  "users".* FROM "users" WHERE "users"."id" = $1 LIMIT 1[0m  [["id", 5]]
D, [2017-05-31T10:14:44.553745 #2680] DEBUG -- :   [1m[35mCACHE (0.0ms)[0m  SELECT  "users".* FROM "users" WHERE "users"."id" = $1 LIMIT 1  [["id", 10]]
D, [2017-05-31T10:14:44.554745 #2680] DEBUG -- :   [1m[36mCACHE (0.0ms)[0m  [1mSELECT  "statuses".* FROM "statuses" WHERE "statuses"."id" = $1 LIMIT 1[0m  [["id", 1]]
D, [2017-05-31T10:14:44.554745 #2680] DEBUG -- :   [1m[35mCACHE (0.0ms)[0m  SELECT  "users".* FROM "users" WHERE "users"."id" = $1 LIMIT 1  [["id", 4]]
D, [2017-05-31T10:14:44.555746 #2680] DEBUG -- :   [1m[36mCACHE (1.0ms)[0m  [1mSELECT  "users".* FROM "users" WHERE "users"."id" = $1 LIMIT 1[0m  [["id", 10]]
D, [2017-05-31T10:14:44.555746 #2680] DEBUG -- :   [1m[35mCACHE (0.0ms)[0m  SELECT  "statuses".* FROM "statuses" WHERE "statuses"."id" = $1 LIMIT 1  [["id", 1]]
D, [2017-05-31T10:14:44.556747 #2680] DEBUG -- :   [1m[36mCACHE (0.0ms)[0m  [1mSELECT  "users".* FROM "users" WHERE "users"."id" = $1 LIMIT 1[0m  [["id", 9]]
D, [2017-05-31T10:14:44.556747 #2680] DEBUG -- :   [1m[35mCACHE (0.0ms)[0m  SELECT  "users".* FROM "users" WHERE "users"."id" = $1 LIMIT 1  [["id", 10]]
D, [2017-05-31T10:14:44.556747 #2680] DEBUG -- :   [1m[36mCACHE (0.0ms)[0m  [1mSELECT  "statuses".* FROM "statuses" WHERE "statuses"."id" = $1 LIMIT 1[0m  [["id", 1]]
D, [2017-05-31T10:14:44.557747 #2680] DEBUG -- :   [1m[35mCACHE (0.0ms)[0m  SELECT  "users".* FROM "users" WHERE "users"."id" = $1 LIMIT 1  [["id", 5]]
D, [2017-05-31T10:14:44.557747 #2680] DEBUG -- :   [1m[36mCACHE (0.0ms)[0m  [1mSELECT  "users".* FROM "users" WHERE "users"."id" = $1 LIMIT 1[0m  [["id", 10]]
D, [2017-05-31T10:14:44.558748 #2680] DEBUG -- :   [1m[35mCACHE (0.0ms)[0m  SELECT  "statuses".* FROM "statuses" WHERE "statuses"."id" = $1 LIMIT 1  [["id", 1]]
D, [2017-05-31T10:14:44.558748 #2680] DEBUG -- :   [1m[36mCACHE (0.0ms)[0m  [1mSELECT  "users".* FROM "users" WHERE "users"."id" = $1 LIMIT 1[0m  [["id", 10]]
D, [2017-05-31T10:14:44.559749 #2680] DEBUG -- :   [1m[35mCACHE (0.0ms)[0m  SELECT  "users".* FROM "users" WHERE "users"."id" = $1 LIMIT 1  [["id", 10]]
D, [2017-05-31T10:14:44.559749 #2680] DEBUG -- :   [1m[36mCACHE (0.0ms)[0m  [1mSELECT  "statuses".* FROM "statuses" WHERE "statuses"."id" = $1 LIMIT 1[0m  [["id", 1]]
D, [2017-05-31T10:14:44.560749 #2680] DEBUG -- :   [1m[35mCACHE (0.0ms)[0m  SELECT  "users".* FROM "users" WHERE "users"."id" = $1 LIMIT 1  [["id", 12]]
D, [2017-05-31T10:14:44.560749 #2680] DEBUG -- :   [1m[36mCACHE (0.0ms)[0m  [1mSELECT  "users".* FROM "users" WHERE "users"."id" = $1 LIMIT 1[0m  [["id", 10]]
D, [2017-05-31T10:14:44.560749 #2680] DEBUG -- :   [1m[35mCACHE (0.0ms)[0m  SELECT  "statuses".* FROM "statuses" WHERE "statuses"."id" = $1 LIMIT 1  [["id", 1]]
D, [2017-05-31T10:14:44.561750 #2680] DEBUG -- :   [1m[36mCACHE (0.0ms)[0m  [1mSELECT  "users".* FROM "users" WHERE "users"."id" = $1 LIMIT 1[0m  [["id", 8]]
D, [2017-05-31T10:14:44.561750 #2680] DEBUG -- :   [1m[35mCACHE (0.0ms)[0m  SELECT  "users".* FROM "users" WHERE "users"."id" = $1 LIMIT 1  [["id", 10]]
D, [2017-05-31T10:14:44.562751 #2680] DEBUG -- :   [1m[36mCACHE (0.0ms)[0m  [1mSELECT  "statuses".* FROM "statuses" WHERE "statuses"."id" = $1 LIMIT 1[0m  [["id", 1]]
D, [2017-05-31T10:14:44.563751 #2680] DEBUG -- :   [1m[35mCACHE (0.0ms)[0m  SELECT  "users".* FROM "users" WHERE "users"."id" = $1 LIMIT 1  [["id", 9]]
D, [2017-05-31T10:14:44.563751 #2680] DEBUG -- :   [1m[36mCACHE (0.0ms)[0m  [1mSELECT  "users".* FROM "users" WHERE "users"."id" = $1 LIMIT 1[0m  [["id", 10]]
D, [2017-05-31T10:14:44.563751 #2680] DEBUG -- :   [1m[35mCACHE (0.0ms)[0m  SELECT  "statuses".* FROM "statuses" WHERE "statuses"."id" = $1 LIMIT 1  [["id", 1]]
D, [2017-05-31T10:14:44.564752 #2680] DEBUG -- :   [1m[36mCACHE (0.0ms)[0m  [1mSELECT  "users".* FROM "users" WHERE "users"."id" = $1 LIMIT 1[0m  [["id", 13]]
D, [2017-05-31T10:14:44.564752 #2680] DEBUG -- :   [1m[35mCACHE (0.0ms)[0m  SELECT  "users".* FROM "users" WHERE "users"."id" = $1 LIMIT 1  [["id", 13]]
D, [2017-05-31T10:14:44.565753 #2680] DEBUG -- :   [1m[36mCACHE (0.0ms)[0m  [1mSELECT  "statuses".* FROM "statuses" WHERE "statuses"."id" = $1 LIMIT 1[0m  [["id", 1]]
D, [2017-05-31T10:14:44.565753 #2680] DEBUG -- :   [1m[35mCACHE (0.0ms)[0m  SELECT  "users".* FROM "users" WHERE "users"."id" = $1 LIMIT 1  [["id", 10]]
D, [2017-05-31T10:14:44.565753 #2680] DEBUG -- :   [1m[36mCACHE (0.0ms)[0m  [1mSELECT  "users".* FROM "users" WHERE "users"."id" = $1 LIMIT 1[0m  [["id", 10]]
D, [2017-05-31T10:14:44.566753 #2680] DEBUG -- :   [1m[35mCACHE (0.0ms)[0m  SELECT  "statuses".* FROM "statuses" WHERE "statuses"."id" = $1 LIMIT 1  [["id", 1]]
D, [2017-05-31T10:14:44.567754 #2680] DEBUG -- :   [1m[36mCACHE (0.0ms)[0m  [1mSELECT  "users".* FROM "users" WHERE "users"."id" = $1 LIMIT 1[0m  [["id", 14]]
D, [2017-05-31T10:14:44.567754 #2680] DEBUG -- :   [1m[35mCACHE (0.0ms)[0m  SELECT  "users".* FROM "users" WHERE "users"."id" = $1 LIMIT 1  [["id", 10]]
D, [2017-05-31T10:14:44.567754 #2680] DEBUG -- :   [1m[36mCACHE (0.0ms)[0m  [1mSELECT  "statuses".* FROM "statuses" WHERE "statuses"."id" = $1 LIMIT 1[0m  [["id", 1]]
D, [2017-05-31T10:14:44.568755 #2680] DEBUG -- :   [1m[35mCACHE (0.0ms)[0m  SELECT  "users".* FROM "users" WHERE "users"."id" = $1 LIMIT 1  [["id", 13]]
D, [2017-05-31T10:14:44.568755 #2680] DEBUG -- :   [1m[36mCACHE (0.0ms)[0m  [1mSELECT  "users".* FROM "users" WHERE "users"."id" = $1 LIMIT 1[0m  [["id", 13]]
D, [2017-05-31T10:14:44.568755 #2680] DEBUG -- :   [1m[35mCACHE (0.0ms)[0m  SELECT  "statuses".* FROM "statuses" WHERE "statuses"."id" = $1 LIMIT 1  [["id", 1]]
D, [2017-05-31T10:14:44.569755 #2680] DEBUG -- :   [1m[36mCACHE (0.0ms)[0m  [1mSELECT  "users".* FROM "users" WHERE "users"."id" = $1 LIMIT 1[0m  [["id", 12]]
D, [2017-05-31T10:14:44.569755 #2680] DEBUG -- :   [1m[35mCACHE (0.0ms)[0m  SELECT  "users".* FROM "users" WHERE "users"."id" = $1 LIMIT 1  [["id", 13]]
D, [2017-05-31T10:14:44.570756 #2680] DEBUG -- :   [1m[36mCACHE (0.0ms)[0m  [1mSELECT  "statuses".* FROM "statuses" WHERE "statuses"."id" = $1 LIMIT 1[0m  [["id", 1]]
D, [2017-05-31T10:14:44.570756 #2680] DEBUG -- :   [1m[35mCACHE (0.0ms)[0m  SELECT  "users".* FROM "users" WHERE "users"."id" = $1 LIMIT 1  [["id", 13]]
D, [2017-05-31T10:14:44.571757 #2680] DEBUG -- :   [1m[36mCACHE (0.0ms)[0m  [1mSELECT  "users".* FROM "users" WHERE "users"."id" = $1 LIMIT 1[0m  [["id", 13]]
D, [2017-05-31T10:14:44.571757 #2680] DEBUG -- :   [1m[35mCACHE (0.0ms)[0m  SELECT  "statuses".* FROM "statuses" WHERE "statuses"."id" = $1 LIMIT 1  [["id", 1]]
D, [2017-05-31T10:14:44.572757 #2680] DEBUG -- :   [1m[36mCACHE (0.0ms)[0m  [1mSELECT  "users".* FROM "users" WHERE "users"."id" = $1 LIMIT 1[0m  [["id", 13]]
D, [2017-05-31T10:14:44.572757 #2680] DEBUG -- :   [1m[35mCACHE (0.0ms)[0m  SELECT  "users".* FROM "users" WHERE "users"."id" = $1 LIMIT 1  [["id", 13]]
D, [2017-05-31T10:14:44.572757 #2680] DEBUG -- :   [1m[36mCACHE (0.0ms)[0m  [1mSELECT  "statuses".* FROM "statuses" WHERE "statuses"."id" = $1 LIMIT 1[0m  [["id", 1]]
D, [2017-05-31T10:14:44.573758 #2680] DEBUG -- :   [1m[35mCACHE (0.0ms)[0m  SELECT  "users".* FROM "users" WHERE "users"."id" = $1 LIMIT 1  [["id", 8]]
D, [2017-05-31T10:14:44.573758 #2680] DEBUG -- :   [1m[36mCACHE (0.0ms)[0m  [1mSELECT  "users".* FROM "users" WHERE "users"."id" = $1 LIMIT 1[0m  [["id", 10]]
D, [2017-05-31T10:14:44.574759 #2680] DEBUG -- :   [1m[35mCACHE (0.0ms)[0m  SELECT  "statuses".* FROM "statuses" WHERE "statuses"."id" = $1 LIMIT 1  [["id", 1]]
D, [2017-05-31T10:14:44.575759 #2680] DEBUG -- :   [1m[36mCACHE (0.0ms)[0m  [1mSELECT  "users".* FROM "users" WHERE "users"."id" = $1 LIMIT 1[0m  [["id", 8]]
D, [2017-05-31T10:14:44.575759 #2680] DEBUG -- :   [1m[35mCACHE (0.0ms)[0m  SELECT  "users".* FROM "users" WHERE "users"."id" = $1 LIMIT 1  [["id", 13]]
D, [2017-05-31T10:14:44.575759 #2680] DEBUG -- :   [1m[36mCACHE (0.0ms)[0m  [1mSELECT  "statuses".* FROM "statuses" WHERE "statuses"."id" = $1 LIMIT 1[0m  [["id", 1]]
D, [2017-05-31T10:14:44.576761 #2680] DEBUG -- :   [1m[35mCACHE (0.0ms)[0m  SELECT  "users".* FROM "users" WHERE "users"."id" = $1 LIMIT 1  [["id", 12]]
D, [2017-05-31T10:14:44.577761 #2680] DEBUG -- :   [1m[36mCACHE (0.0ms)[0m  [1mSELECT  "users".* FROM "users" WHERE "users"."id" = $1 LIMIT 1[0m  [["id", 10]]
D, [2017-05-31T10:14:44.577761 #2680] DEBUG -- :   [1m[35mCACHE (0.0ms)[0m  SELECT  "statuses".* FROM "statuses" WHERE "statuses"."id" = $1 LIMIT 1  [["id", 1]]
D, [2017-05-31T10:14:44.578761 #2680] DEBUG -- :   [1m[36mCACHE (0.0ms)[0m  [1mSELECT  "users".* FROM "users" WHERE "users"."id" = $1 LIMIT 1[0m  [["id", 9]]
D, [2017-05-31T10:14:44.578761 #2680] DEBUG -- :   [1m[35mCACHE (0.0ms)[0m  SELECT  "users".* FROM "users" WHERE "users"."id" = $1 LIMIT 1  [["id", 10]]
D, [2017-05-31T10:14:44.578761 #2680] DEBUG -- :   [1m[36mCACHE (0.0ms)[0m  [1mSELECT  "statuses".* FROM "statuses" WHERE "statuses"."id" = $1 LIMIT 1[0m  [["id", 1]]
D, [2017-05-31T10:14:44.579762 #2680] DEBUG -- :   [1m[35mCACHE (0.0ms)[0m  SELECT  "users".* FROM "users" WHERE "users"."id" = $1 LIMIT 1  [["id", 10]]
D, [2017-05-31T10:14:44.579762 #2680] DEBUG -- :   [1m[36mCACHE (0.0ms)[0m  [1mSELECT  "users".* FROM "users" WHERE "users"."id" = $1 LIMIT 1[0m  [["id", 5]]
D, [2017-05-31T10:14:44.580763 #2680] DEBUG -- :   [1m[35mCACHE (0.0ms)[0m  SELECT  "statuses".* FROM "statuses" WHERE "statuses"."id" = $1 LIMIT 1  [["id", 1]]
D, [2017-05-31T10:14:44.581763 #2680] DEBUG -- :   [1m[36mCACHE (0.0ms)[0m  [1mSELECT  "users".* FROM "users" WHERE "users"."id" = $1 LIMIT 1[0m  [["id", 10]]
D, [2017-05-31T10:14:44.581763 #2680] DEBUG -- :   [1m[35mCACHE (0.0ms)[0m  SELECT  "users".* FROM "users" WHERE "users"."id" = $1 LIMIT 1  [["id", 10]]
D, [2017-05-31T10:14:44.581763 #2680] DEBUG -- :   [1m[36mCACHE (0.0ms)[0m  [1mSELECT  "statuses".* FROM "statuses" WHERE "statuses"."id" = $1 LIMIT 1[0m  [["id", 1]]
D, [2017-05-31T10:14:44.582764 #2680] DEBUG -- :   [1m[35mCACHE (0.0ms)[0m  SELECT  "users".* FROM "users" WHERE "users"."id" = $1 LIMIT 1  [["id", 12]]
D, [2017-05-31T10:14:44.582764 #2680] DEBUG -- :   [1m[36mCACHE (0.0ms)[0m  [1mSELECT  "users".* FROM "users" WHERE "users"."id" = $1 LIMIT 1[0m  [["id", 5]]
D, [2017-05-31T10:14:44.583765 #2680] DEBUG -- :   [1m[35mCACHE (0.0ms)[0m  SELECT  "statuses".* FROM "statuses" WHERE "statuses"."id" = $1 LIMIT 1  [["id", 1]]
D, [2017-05-31T10:14:44.583765 #2680] DEBUG -- :   [1m[36mCACHE (0.0ms)[0m  [1mSELECT  "users".* FROM "users" WHERE "users"."id" = $1 LIMIT 1[0m  [["id", 12]]
D, [2017-05-31T10:14:44.584765 #2680] DEBUG -- :   [1m[35mCACHE (0.0ms)[0m  SELECT  "users".* FROM "users" WHERE "users"."id" = $1 LIMIT 1  [["id", 12]]
D, [2017-05-31T10:14:44.584765 #2680] DEBUG -- :   [1m[36mCACHE (0.0ms)[0m  [1mSELECT  "statuses".* FROM "statuses" WHERE "statuses"."id" = $1 LIMIT 1[0m  [["id", 1]]
D, [2017-05-31T10:14:44.585766 #2680] DEBUG -- :   [1m[35mCACHE (0.0ms)[0m  SELECT  "users".* FROM "users" WHERE "users"."id" = $1 LIMIT 1  [["id", 12]]
D, [2017-05-31T10:14:44.585766 #2680] DEBUG -- :   [1m[36mCACHE (0.0ms)[0m  [1mSELECT  "users".* FROM "users" WHERE "users"."id" = $1 LIMIT 1[0m  [["id", 10]]
D, [2017-05-31T10:14:44.585766 #2680] DEBUG -- :   [1m[35mCACHE (0.0ms)[0m  SELECT  "statuses".* FROM "statuses" WHERE "statuses"."id" = $1 LIMIT 1  [["id", 1]]
D, [2017-05-31T10:14:44.586767 #2680] DEBUG -- :   [1m[36mCACHE (0.0ms)[0m  [1mSELECT  "users".* FROM "users" WHERE "users"."id" = $1 LIMIT 1[0m  [["id", 10]]
D, [2017-05-31T10:14:44.586767 #2680] DEBUG -- :   [1m[35mCACHE (0.0ms)[0m  SELECT  "users".* FROM "users" WHERE "users"."id" = $1 LIMIT 1  [["id", 10]]
D, [2017-05-31T10:14:44.587767 #2680] DEBUG -- :   [1m[36mCACHE (0.0ms)[0m  [1mSELECT  "statuses".* FROM "statuses" WHERE "statuses"."id" = $1 LIMIT 1[0m  [["id", 1]]
D, [2017-05-31T10:14:44.587767 #2680] DEBUG -- :   [1m[35mCACHE (0.0ms)[0m  SELECT  "users".* FROM "users" WHERE "users"."id" = $1 LIMIT 1  [["id", 10]]
D, [2017-05-31T10:14:44.587767 #2680] DEBUG -- :   [1m[36mCACHE (0.0ms)[0m  [1mSELECT  "users".* FROM "users" WHERE "users"."id" = $1 LIMIT 1[0m  [["id", 10]]
D, [2017-05-31T10:14:44.588768 #2680] DEBUG -- :   [1m[35mCACHE (0.0ms)[0m  SELECT  "statuses".* FROM "statuses" WHERE "statuses"."id" = $1 LIMIT 1  [["id", 1]]
D, [2017-05-31T10:14:44.589769 #2680] DEBUG -- :   [1m[36mCACHE (0.0ms)[0m  [1mSELECT  "users".* FROM "users" WHERE "users"."id" = $1 LIMIT 1[0m  [["id", 14]]
D, [2017-05-31T10:14:44.589769 #2680] DEBUG -- :   [1m[35mCACHE (0.0ms)[0m  SELECT  "users".* FROM "users" WHERE "users"."id" = $1 LIMIT 1  [["id", 10]]
D, [2017-05-31T10:14:44.589769 #2680] DEBUG -- :   [1m[36mCACHE (0.0ms)[0m  [1mSELECT  "statuses".* FROM "statuses" WHERE "statuses"."id" = $1 LIMIT 1[0m  [["id", 1]]
D, [2017-05-31T10:14:44.590769 #2680] DEBUG -- :   [1m[35mCACHE (0.0ms)[0m  SELECT  "users".* FROM "users" WHERE "users"."id" = $1 LIMIT 1  [["id", 10]]
D, [2017-05-31T10:14:44.590769 #2680] DEBUG -- :   [1m[36mCACHE (0.0ms)[0m  [1mSELECT  "users".* FROM "users" WHERE "users"."id" = $1 LIMIT 1[0m  [["id", 10]]
D, [2017-05-31T10:14:44.590769 #2680] DEBUG -- :   [1m[35mCACHE (0.0ms)[0m  SELECT  "statuses".* FROM "statuses" WHERE "statuses"."id" = $1 LIMIT 1  [["id", 1]]
D, [2017-05-31T10:14:44.591770 #2680] DEBUG -- :   [1m[36mCACHE (0.0ms)[0m  [1mSELECT  "users".* FROM "users" WHERE "users"."id" = $1 LIMIT 1[0m  [["id", 10]]
D, [2017-05-31T10:14:44.591770 #2680] DEBUG -- :   [1m[35mCACHE (0.0ms)[0m  SELECT  "users".* FROM "users" WHERE "users"."id" = $1 LIMIT 1  [["id", 10]]
D, [2017-05-31T10:14:44.592771 #2680] DEBUG -- :   [1m[36mCACHE (0.0ms)[0m  [1mSELECT  "statuses".* FROM "statuses" WHERE "statuses"."id" = $1 LIMIT 1[0m  [["id", 1]]
D, [2017-05-31T10:14:44.593771 #2680] DEBUG -- :   [1m[35mCACHE (0.0ms)[0m  SELECT  "users".* FROM "users" WHERE "users"."id" = $1 LIMIT 1  [["id", 5]]
D, [2017-05-31T10:14:44.593771 #2680] DEBUG -- :   [1m[36mCACHE (0.0ms)[0m  [1mSELECT  "users".* FROM "users" WHERE "users"."id" = $1 LIMIT 1[0m  [["id", 10]]
D, [2017-05-31T10:14:44.593771 #2680] DEBUG -- :   [1m[35mCACHE (0.0ms)[0m  SELECT  "statuses".* FROM "statuses" WHERE "statuses"."id" = $1 LIMIT 1  [["id", 1]]
D, [2017-05-31T10:14:44.594772 #2680] DEBUG -- :   [1m[36mCACHE (0.0ms)[0m  [1mSELECT  "users".* FROM "users" WHERE "users"."id" = $1 LIMIT 1[0m  [["id", 17]]
D, [2017-05-31T10:14:44.595772 #2680] DEBUG -- :   [1m[35mCACHE (0.0ms)[0m  SELECT  "users".* FROM "users" WHERE "users"."id" = $1 LIMIT 1  [["id", 10]]
D, [2017-05-31T10:14:44.595772 #2680] DEBUG -- :   [1m[36mCACHE (0.0ms)[0m  [1mSELECT  "statuses".* FROM "statuses" WHERE "statuses"."id" = $1 LIMIT 1[0m  [["id", 1]]
D, [2017-05-31T10:14:44.596773 #2680] DEBUG -- :   [1m[35mCACHE (0.0ms)[0m  SELECT  "users".* FROM "users" WHERE "users"."id" = $1 LIMIT 1  [["id", 9]]
D, [2017-05-31T10:14:44.596773 #2680] DEBUG -- :   [1m[36mCACHE (0.0ms)[0m  [1mSELECT  "users".* FROM "users" WHERE "users"."id" = $1 LIMIT 1[0m  [["id", 10]]
D, [2017-05-31T10:14:44.597774 #2680] DEBUG -- :   [1m[35mCACHE (0.0ms)[0m  SELECT  "statuses".* FROM "statuses" WHERE "statuses"."id" = $1 LIMIT 1  [["id", 1]]
D, [2017-05-31T10:14:44.597774 #2680] DEBUG -- :   [1m[36mCACHE (0.0ms)[0m  [1mSELECT  "users".* FROM "users" WHERE "users"."id" = $1 LIMIT 1[0m  [["id", 10]]
D, [2017-05-31T10:14:44.598775 #2680] DEBUG -- :   [1m[35mCACHE (0.0ms)[0m  SELECT  "users".* FROM "users" WHERE "users"."id" = $1 LIMIT 1  [["id", 10]]
D, [2017-05-31T10:14:44.598775 #2680] DEBUG -- :   [1m[36mCACHE (0.0ms)[0m  [1mSELECT  "statuses".* FROM "statuses" WHERE "statuses"."id" = $1 LIMIT 1[0m  [["id", 1]]
D, [2017-05-31T10:14:44.599775 #2680] DEBUG -- :   [1m[35mCACHE (0.0ms)[0m  SELECT  "users".* FROM "users" WHERE "users"."id" = $1 LIMIT 1  [["id", 12]]
D, [2017-05-31T10:14:44.599775 #2680] DEBUG -- :   [1m[36mCACHE (0.0ms)[0m  [1mSELECT  "users".* FROM "users" WHERE "users"."id" = $1 LIMIT 1[0m  [["id", 10]]
D, [2017-05-31T10:14:44.599775 #2680] DEBUG -- :   [1m[35mCACHE (0.0ms)[0m  SELECT  "statuses".* FROM "statuses" WHERE "statuses"."id" = $1 LIMIT 1  [["id", 1]]
D, [2017-05-31T10:14:44.600776 #2680] DEBUG -- :   [1m[36mCACHE (0.0ms)[0m  [1mSELECT  "users".* FROM "users" WHERE "users"."id" = $1 LIMIT 1[0m  [["id", 4]]
D, [2017-05-31T10:14:44.600776 #2680] DEBUG -- :   [1m[35mCACHE (0.0ms)[0m  SELECT  "users".* FROM "users" WHERE "users"."id" = $1 LIMIT 1  [["id", 10]]
D, [2017-05-31T10:14:44.601777 #2680] DEBUG -- :   [1m[36mCACHE (0.0ms)[0m  [1mSELECT  "statuses".* FROM "statuses" WHERE "statuses"."id" = $1 LIMIT 1[0m  [["id", 1]]
D, [2017-05-31T10:14:44.601777 #2680] DEBUG -- :   [1m[35mCACHE (0.0ms)[0m  SELECT  "users".* FROM "users" WHERE "users"."id" = $1 LIMIT 1  [["id", 10]]
D, [2017-05-31T10:14:44.602777 #2680] DEBUG -- :   [1m[36mCACHE (0.0ms)[0m  [1mSELECT  "users".* FROM "users" WHERE "users"."id" = $1 LIMIT 1[0m  [["id", 10]]
D, [2017-05-31T10:14:44.602777 #2680] DEBUG -- :   [1m[35mCACHE (0.0ms)[0m  SELECT  "statuses".* FROM "statuses" WHERE "statuses"."id" = $1 LIMIT 1  [["id", 1]]
I, [2017-05-31T10:14:44.602777 #2680]  INFO -- :   Rendered leads/_leads.html.erb (954.9ms)
I, [2017-05-31T10:14:44.610783 #2680]  INFO -- :   Rendered leads/index.js.erb (1092.0ms)
I, [2017-05-31T10:14:44.610783 #2680]  INFO -- : Completed 200 OK in 1363ms (Views: 1249.3ms | ActiveRecord: 28.0ms)
